2025-09-21 12:51:20 | INFO | {'message': 'I just saw an app! It was exciting.', 'author': 'Charlie', 'timestamp': '2025-09-21 12:51:20', 'category': 'other', 'sentiment': 0.33, 'keyword_mentioned': 'other', 'message_length': 35}
2025-09-21 12:51:20 | INFO | Sent message to Kafka topic 'project_json': {'message': 'I just saw an app! It was exciting.', 'author': 'Charlie', 'timestamp': '2025-09-21 12:51:20', 'category': 'other', 'sentiment': 0.33, 'keyword_mentioned': 'other', 'message_length': 35}
2025-09-21 12:51:25 | INFO | {'message': 'I just shared a meme! It was boring.', 'author': 'Eve', 'timestamp': '2025-09-21 12:51:25', 'category': 'humor', 'sentiment': 0.99, 'keyword_mentioned': 'meme', 'message_length': 36}
2025-09-21 12:51:25 | INFO | Sent message to Kafka topic 'project_json': {'message': 'I just shared a meme! It was boring.', 'author': 'Eve', 'timestamp': '2025-09-21 12:51:25', 'category': 'humor', 'sentiment': 0.99, 'keyword_mentioned': 'meme', 'message_length': 36}
2025-09-21 12:51:30 | INFO | {'message': 'I just saw recipe! It was boring.', 'author': 'Charlie', 'timestamp': '2025-09-21 12:51:30', 'category': 'food', 'sentiment': 0.59, 'keyword_mentioned': 'recipe', 'message_length': 33}
2025-09-21 12:51:30 | INFO | Sent message to Kafka topic 'project_json': {'message': 'I just saw recipe! It was boring.', 'author': 'Charlie', 'timestamp': '2025-09-21 12:51:30', 'category': 'food', 'sentiment': 0.59, 'keyword_mentioned': 'recipe', 'message_length': 33}
2025-09-21 12:51:35 | INFO | {'message': 'I just tried JavaScript! It was weird.', 'author': 'Charlie', 'timestamp': '2025-09-21 12:51:35', 'category': 'tech', 'sentiment': 0.24, 'keyword_mentioned': 'JavaScript', 'message_length': 38}
2025-09-21 12:51:35 | INFO | Sent message to Kafka topic 'project_json': {'message': 'I just tried JavaScript! It was weird.', 'author': 'Charlie', 'timestamp': '2025-09-21 12:51:35', 'category': 'tech', 'sentiment': 0.24, 'keyword_mentioned': 'JavaScript', 'message_length': 38}
2025-09-21 12:51:40 | INFO | {'message': 'I just loved game! It was exciting.', 'author': 'Alice', 'timestamp': '2025-09-21 12:51:40', 'category': 'gaming', 'sentiment': 0.86, 'keyword_mentioned': 'game', 'message_length': 35}
2025-09-21 12:51:40 | INFO | Sent message to Kafka topic 'project_json': {'message': 'I just loved game! It was exciting.', 'author': 'Alice', 'timestamp': '2025-09-21 12:51:40', 'category': 'gaming', 'sentiment': 0.86, 'keyword_mentioned': 'game', 'message_length': 35}
2025-09-21 12:51:40 | INFO | Processed JSON message: {'message': 'I just loved game! It was exciting.', 'author': 'Alice', 'timestamp': '2025-09-21 12:51:40', 'category': 'gaming', 'sentiment': 0.86, 'keyword_mentioned': 'game', 'message_length': 35}
2025-09-21 12:51:40 | INFO | Message received from author: Alice
2025-09-21 12:51:40 | INFO | Keyword mentioned:game
2025-09-21 12:51:40 | INFO | sentiment score:0.86
2025-09-21 12:51:40 | INFO | Updated keyword counts: {'other': 7, 'movie': 2, 'JavaScript': 6, 'travel': 3, 'Python': 3, 'meme': 2, 'game': 3, 'recipe': 1}
2025-09-21 12:51:40 | ERROR | Error processing message: index 3 is out of bounds for axis 0 with size 3
2025-09-21 12:51:45 | INFO | {'message': 'I just tried game! It was boring.', 'author': 'Charlie', 'timestamp': '2025-09-21 12:51:45', 'category': 'gaming', 'sentiment': 0.04, 'keyword_mentioned': 'game', 'message_length': 33}
2025-09-21 12:51:45 | INFO | Sent message to Kafka topic 'project_json': {'message': 'I just tried game! It was boring.', 'author': 'Charlie', 'timestamp': '2025-09-21 12:51:45', 'category': 'gaming', 'sentiment': 0.04, 'keyword_mentioned': 'game', 'message_length': 33}
2025-09-21 12:51:50 | INFO | {'message': 'I just shared an app! It was funny.', 'author': 'Charlie', 'timestamp': '2025-09-21 12:51:50', 'category': 'other', 'sentiment': 0.21, 'keyword_mentioned': 'other', 'message_length': 35}
2025-09-21 12:51:50 | INFO | Sent message to Kafka topic 'project_json': {'message': 'I just shared an app! It was funny.', 'author': 'Charlie', 'timestamp': '2025-09-21 12:51:50', 'category': 'other', 'sentiment': 0.21, 'keyword_mentioned': 'other', 'message_length': 35}
2025-09-21 12:51:55 | INFO | {'message': 'I just found a meme! It was weird.', 'author': 'Eve', 'timestamp': '2025-09-21 12:51:55', 'category': 'humor', 'sentiment': 0.95, 'keyword_mentioned': 'meme', 'message_length': 34}
2025-09-21 12:51:55 | INFO | Sent message to Kafka topic 'project_json': {'message': 'I just found a meme! It was weird.', 'author': 'Eve', 'timestamp': '2025-09-21 12:51:55', 'category': 'humor', 'sentiment': 0.95, 'keyword_mentioned': 'meme', 'message_length': 34}
2025-09-21 12:52:00 | INFO | {'message': 'I just found a meme! It was weird.', 'author': 'Alice', 'timestamp': '2025-09-21 12:52:00', 'category': 'humor', 'sentiment': 0.74, 'keyword_mentioned': 'meme', 'message_length': 34}
2025-09-21 12:52:00 | INFO | Sent message to Kafka topic 'project_json': {'message': 'I just found a meme! It was weird.', 'author': 'Alice', 'timestamp': '2025-09-21 12:52:00', 'category': 'humor', 'sentiment': 0.74, 'keyword_mentioned': 'meme', 'message_length': 34}
2025-09-21 12:52:00 | INFO | Processed JSON message: {'message': 'I just found a meme! It was weird.', 'author': 'Alice', 'timestamp': '2025-09-21 12:52:00', 'category': 'humor', 'sentiment': 0.74, 'keyword_mentioned': 'meme', 'message_length': 34}
2025-09-21 12:52:00 | INFO | Message received from author: Alice
2025-09-21 12:52:00 | INFO | Keyword mentioned:meme
2025-09-21 12:52:00 | INFO | sentiment score:0.74
2025-09-21 12:52:00 | INFO | Updated keyword counts: {'other': 7, 'movie': 2, 'JavaScript': 6, 'travel': 3, 'Python': 3, 'meme': 3, 'game': 3, 'recipe': 1}
2025-09-21 12:52:00 | ERROR | Error processing message: index 3 is out of bounds for axis 0 with size 3
2025-09-21 12:52:05 | INFO | {'message': 'I just found travel! It was exciting.', 'author': 'Alice', 'timestamp': '2025-09-21 12:52:05', 'category': 'travel', 'sentiment': 0.48, 'keyword_mentioned': 'travel', 'message_length': 37}
2025-09-21 12:52:05 | INFO | Sent message to Kafka topic 'project_json': {'message': 'I just found travel! It was exciting.', 'author': 'Alice', 'timestamp': '2025-09-21 12:52:05', 'category': 'travel', 'sentiment': 0.48, 'keyword_mentioned': 'travel', 'message_length': 37}
2025-09-21 12:52:05 | INFO | Processed JSON message: {'message': 'I just found travel! It was exciting.', 'author': 'Alice', 'timestamp': '2025-09-21 12:52:05', 'category': 'travel', 'sentiment': 0.48, 'keyword_mentioned': 'travel', 'message_length': 37}
2025-09-21 12:52:05 | INFO | Message received from author: Alice
2025-09-21 12:52:05 | INFO | Keyword mentioned:travel
2025-09-21 12:52:05 | INFO | sentiment score:0.48
2025-09-21 12:52:05 | INFO | Updated keyword counts: {'other': 7, 'movie': 2, 'JavaScript': 6, 'travel': 4, 'Python': 3, 'meme': 3, 'game': 3, 'recipe': 1}
2025-09-21 12:52:05 | ERROR | Error processing message: index 3 is out of bounds for axis 0 with size 3
2025-09-21 12:52:10 | INFO | {'message': 'I just shared a movie! It was weird.', 'author': 'Charlie', 'timestamp': '2025-09-21 12:52:10', 'category': 'entertainment', 'sentiment': 0.83, 'keyword_mentioned': 'movie', 'message_length': 36}
2025-09-21 12:52:10 | INFO | Sent message to Kafka topic 'project_json': {'message': 'I just shared a movie! It was weird.', 'author': 'Charlie', 'timestamp': '2025-09-21 12:52:10', 'category': 'entertainment', 'sentiment': 0.83, 'keyword_mentioned': 'movie', 'message_length': 36}
2025-09-21 12:52:15 | INFO | {'message': 'I just saw an app! It was amazing.', 'author': 'Eve', 'timestamp': '2025-09-21 12:52:15', 'category': 'other', 'sentiment': 0.01, 'keyword_mentioned': 'other', 'message_length': 34}
2025-09-21 12:52:15 | INFO | Sent message to Kafka topic 'project_json': {'message': 'I just saw an app! It was amazing.', 'author': 'Eve', 'timestamp': '2025-09-21 12:52:15', 'category': 'other', 'sentiment': 0.01, 'keyword_mentioned': 'other', 'message_length': 34}
2025-09-21 12:52:16 | WARNING | Consumer interrupted by user.
2025-09-21 12:52:16 | INFO | Kafka consumer for topic 'project_json' closed.
2025-09-21 12:52:16 | INFO | END consumer for topic 'project_json' and group 'project_group'.
2025-09-21 12:52:20 | INFO | {'message': 'I just loved Python! It was exciting.', 'author': 'Alice', 'timestamp': '2025-09-21 12:52:20', 'category': 'tech', 'sentiment': 0.78, 'keyword_mentioned': 'Python', 'message_length': 37}
2025-09-21 12:52:20 | INFO | Sent message to Kafka topic 'project_json': {'message': 'I just loved Python! It was exciting.', 'author': 'Alice', 'timestamp': '2025-09-21 12:52:20', 'category': 'tech', 'sentiment': 0.78, 'keyword_mentioned': 'Python', 'message_length': 37}
2025-09-21 12:52:25 | INFO | {'message': 'I just found a story! It was boring.', 'author': 'Charlie', 'timestamp': '2025-09-21 12:52:25', 'category': 'other', 'sentiment': 0.75, 'keyword_mentioned': 'other', 'message_length': 36}
2025-09-21 12:52:25 | INFO | Sent message to Kafka topic 'project_json': {'message': 'I just found a story! It was boring.', 'author': 'Charlie', 'timestamp': '2025-09-21 12:52:25', 'category': 'other', 'sentiment': 0.75, 'keyword_mentioned': 'other', 'message_length': 36}
2025-09-21 12:52:30 | INFO | {'message': 'I just found recipe! It was funny.', 'author': 'Bob', 'timestamp': '2025-09-21 12:52:30', 'category': 'food', 'sentiment': 1.0, 'keyword_mentioned': 'recipe', 'message_length': 34}
2025-09-21 12:52:30 | INFO | Sent message to Kafka topic 'project_json': {'message': 'I just found recipe! It was funny.', 'author': 'Bob', 'timestamp': '2025-09-21 12:52:30', 'category': 'food', 'sentiment': 1.0, 'keyword_mentioned': 'recipe', 'message_length': 34}
2025-09-21 12:52:35 | INFO | {'message': 'I just loved travel! It was weird.', 'author': 'Bob', 'timestamp': '2025-09-21 12:52:35', 'category': 'travel', 'sentiment': 0.49, 'keyword_mentioned': 'travel', 'message_length': 34}
2025-09-21 12:52:35 | INFO | Sent message to Kafka topic 'project_json': {'message': 'I just loved travel! It was weird.', 'author': 'Bob', 'timestamp': '2025-09-21 12:52:35', 'category': 'travel', 'sentiment': 0.49, 'keyword_mentioned': 'travel', 'message_length': 34}
2025-09-21 12:52:40 | INFO | {'message': 'I just saw a story! It was exciting.', 'author': 'Bob', 'timestamp': '2025-09-21 12:52:40', 'category': 'other', 'sentiment': 0.94, 'keyword_mentioned': 'other', 'message_length': 36}
2025-09-21 12:52:40 | INFO | Sent message to Kafka topic 'project_json': {'message': 'I just saw a story! It was exciting.', 'author': 'Bob', 'timestamp': '2025-09-21 12:52:40', 'category': 'other', 'sentiment': 0.94, 'keyword_mentioned': 'other', 'message_length': 36}
2025-09-21 12:52:45 | INFO | {'message': 'I just tried game! It was weird.', 'author': 'Alice', 'timestamp': '2025-09-21 12:52:45', 'category': 'gaming', 'sentiment': 0.22, 'keyword_mentioned': 'game', 'message_length': 32}
2025-09-21 12:52:45 | INFO | Sent message to Kafka topic 'project_json': {'message': 'I just tried game! It was weird.', 'author': 'Alice', 'timestamp': '2025-09-21 12:52:45', 'category': 'gaming', 'sentiment': 0.22, 'keyword_mentioned': 'game', 'message_length': 32}
2025-09-21 12:52:50 | INFO | {'message': 'I just tried a story! It was funny.', 'author': 'Alice', 'timestamp': '2025-09-21 12:52:50', 'category': 'other', 'sentiment': 0.07, 'keyword_mentioned': 'other', 'message_length': 35}
2025-09-21 12:52:50 | INFO | Sent message to Kafka topic 'project_json': {'message': 'I just tried a story! It was funny.', 'author': 'Alice', 'timestamp': '2025-09-21 12:52:50', 'category': 'other', 'sentiment': 0.07, 'keyword_mentioned': 'other', 'message_length': 35}
2025-09-21 12:52:55 | INFO | {'message': 'I just shared JavaScript! It was amazing.', 'author': 'Charlie', 'timestamp': '2025-09-21 12:52:55', 'category': 'tech', 'sentiment': 0.53, 'keyword_mentioned': 'JavaScript', 'message_length': 41}
2025-09-21 12:52:55 | INFO | Sent message to Kafka topic 'project_json': {'message': 'I just shared JavaScript! It was amazing.', 'author': 'Charlie', 'timestamp': '2025-09-21 12:52:55', 'category': 'tech', 'sentiment': 0.53, 'keyword_mentioned': 'JavaScript', 'message_length': 41}
2025-09-21 12:53:00 | INFO | {'message': 'I just found a trick! It was exciting.', 'author': 'Alice', 'timestamp': '2025-09-21 12:53:00', 'category': 'other', 'sentiment': 0.67, 'keyword_mentioned': 'other', 'message_length': 38}
2025-09-21 12:53:00 | INFO | Sent message to Kafka topic 'project_json': {'message': 'I just found a trick! It was exciting.', 'author': 'Alice', 'timestamp': '2025-09-21 12:53:00', 'category': 'other', 'sentiment': 0.67, 'keyword_mentioned': 'other', 'message_length': 38}
2025-09-21 12:53:05 | INFO | {'message': 'I just shared game! It was weird.', 'author': 'Charlie', 'timestamp': '2025-09-21 12:53:05', 'category': 'gaming', 'sentiment': 0.65, 'keyword_mentioned': 'game', 'message_length': 33}
2025-09-21 12:53:05 | INFO | Sent message to Kafka topic 'project_json': {'message': 'I just shared game! It was weird.', 'author': 'Charlie', 'timestamp': '2025-09-21 12:53:05', 'category': 'gaming', 'sentiment': 0.65, 'keyword_mentioned': 'game', 'message_length': 33}
2025-09-21 12:53:10 | INFO | {'message': 'I just loved Python! It was funny.', 'author': 'Bob', 'timestamp': '2025-09-21 12:53:10', 'category': 'tech', 'sentiment': 0.88, 'keyword_mentioned': 'Python', 'message_length': 34}
2025-09-21 12:53:10 | INFO | Sent message to Kafka topic 'project_json': {'message': 'I just loved Python! It was funny.', 'author': 'Bob', 'timestamp': '2025-09-21 12:53:10', 'category': 'tech', 'sentiment': 0.88, 'keyword_mentioned': 'Python', 'message_length': 34}
2025-09-21 12:53:15 | INFO | {'message': 'I just saw a movie! It was exciting.', 'author': 'Charlie', 'timestamp': '2025-09-21 12:53:15', 'category': 'entertainment', 'sentiment': 0.06, 'keyword_mentioned': 'movie', 'message_length': 36}
2025-09-21 12:53:15 | INFO | Sent message to Kafka topic 'project_json': {'message': 'I just saw a movie! It was exciting.', 'author': 'Charlie', 'timestamp': '2025-09-21 12:53:15', 'category': 'entertainment', 'sentiment': 0.06, 'keyword_mentioned': 'movie', 'message_length': 36}
2025-09-21 12:53:20 | INFO | {'message': 'I just found a movie! It was exciting.', 'author': 'Charlie', 'timestamp': '2025-09-21 12:53:20', 'category': 'entertainment', 'sentiment': 0.66, 'keyword_mentioned': 'movie', 'message_length': 38}
2025-09-21 12:53:20 | INFO | Sent message to Kafka topic 'project_json': {'message': 'I just found a movie! It was exciting.', 'author': 'Charlie', 'timestamp': '2025-09-21 12:53:20', 'category': 'entertainment', 'sentiment': 0.66, 'keyword_mentioned': 'movie', 'message_length': 38}
2025-09-21 12:53:25 | INFO | {'message': 'I just shared JavaScript! It was exciting.', 'author': 'Charlie', 'timestamp': '2025-09-21 12:53:25', 'category': 'tech', 'sentiment': 0.4, 'keyword_mentioned': 'JavaScript', 'message_length': 42}
2025-09-21 12:53:25 | INFO | Sent message to Kafka topic 'project_json': {'message': 'I just shared JavaScript! It was exciting.', 'author': 'Charlie', 'timestamp': '2025-09-21 12:53:25', 'category': 'tech', 'sentiment': 0.4, 'keyword_mentioned': 'JavaScript', 'message_length': 42}
2025-09-21 12:53:30 | INFO | {'message': 'I just tried an app! It was boring.', 'author': 'Charlie', 'timestamp': '2025-09-21 12:53:30', 'category': 'other', 'sentiment': 0.94, 'keyword_mentioned': 'other', 'message_length': 35}
2025-09-21 12:53:30 | INFO | Sent message to Kafka topic 'project_json': {'message': 'I just tried an app! It was boring.', 'author': 'Charlie', 'timestamp': '2025-09-21 12:53:30', 'category': 'other', 'sentiment': 0.94, 'keyword_mentioned': 'other', 'message_length': 35}
2025-09-21 12:53:35 | INFO | {'message': 'I just tried a movie! It was boring.', 'author': 'Charlie', 'timestamp': '2025-09-21 12:53:35', 'category': 'entertainment', 'sentiment': 0.85, 'keyword_mentioned': 'movie', 'message_length': 36}
2025-09-21 12:53:35 | INFO | Sent message to Kafka topic 'project_json': {'message': 'I just tried a movie! It was boring.', 'author': 'Charlie', 'timestamp': '2025-09-21 12:53:35', 'category': 'entertainment', 'sentiment': 0.85, 'keyword_mentioned': 'movie', 'message_length': 36}
2025-09-21 12:53:40 | INFO | {'message': 'I just found an app! It was exciting.', 'author': 'Eve', 'timestamp': '2025-09-21 12:53:40', 'category': 'other', 'sentiment': 0.29, 'keyword_mentioned': 'other', 'message_length': 37}
2025-09-21 12:53:40 | INFO | Sent message to Kafka topic 'project_json': {'message': 'I just found an app! It was exciting.', 'author': 'Eve', 'timestamp': '2025-09-21 12:53:40', 'category': 'other', 'sentiment': 0.29, 'keyword_mentioned': 'other', 'message_length': 37}
2025-09-21 12:53:45 | INFO | {'message': 'I just tried a story! It was funny.', 'author': 'Alice', 'timestamp': '2025-09-21 12:53:45', 'category': 'other', 'sentiment': 0.8, 'keyword_mentioned': 'other', 'message_length': 35}
2025-09-21 12:53:45 | INFO | Sent message to Kafka topic 'project_json': {'message': 'I just tried a story! It was funny.', 'author': 'Alice', 'timestamp': '2025-09-21 12:53:45', 'category': 'other', 'sentiment': 0.8, 'keyword_mentioned': 'other', 'message_length': 35}
2025-09-21 12:53:50 | INFO | {'message': 'I just saw a meme! It was weird.', 'author': 'Bob', 'timestamp': '2025-09-21 12:53:50', 'category': 'humor', 'sentiment': 0.46, 'keyword_mentioned': 'meme', 'message_length': 32}
2025-09-21 12:53:50 | INFO | Sent message to Kafka topic 'project_json': {'message': 'I just saw a meme! It was weird.', 'author': 'Bob', 'timestamp': '2025-09-21 12:53:50', 'category': 'humor', 'sentiment': 0.46, 'keyword_mentioned': 'meme', 'message_length': 32}
2025-09-21 12:53:55 | INFO | {'message': 'I just loved a trick! It was funny.', 'author': 'Bob', 'timestamp': '2025-09-21 12:53:55', 'category': 'other', 'sentiment': 0.1, 'keyword_mentioned': 'other', 'message_length': 35}
2025-09-21 12:53:55 | INFO | Sent message to Kafka topic 'project_json': {'message': 'I just loved a trick! It was funny.', 'author': 'Bob', 'timestamp': '2025-09-21 12:53:55', 'category': 'other', 'sentiment': 0.1, 'keyword_mentioned': 'other', 'message_length': 35}
2025-09-21 12:54:00 | INFO | {'message': 'I just shared a story! It was exciting.', 'author': 'Eve', 'timestamp': '2025-09-21 12:54:00', 'category': 'other', 'sentiment': 0.39, 'keyword_mentioned': 'other', 'message_length': 39}
2025-09-21 12:54:00 | INFO | Sent message to Kafka topic 'project_json': {'message': 'I just shared a story! It was exciting.', 'author': 'Eve', 'timestamp': '2025-09-21 12:54:00', 'category': 'other', 'sentiment': 0.39, 'keyword_mentioned': 'other', 'message_length': 39}
2025-09-21 12:54:05 | INFO | {'message': 'I just tried travel! It was weird.', 'author': 'Alice', 'timestamp': '2025-09-21 12:54:05', 'category': 'travel', 'sentiment': 0.65, 'keyword_mentioned': 'travel', 'message_length': 34}
2025-09-21 12:54:05 | INFO | Sent message to Kafka topic 'project_json': {'message': 'I just tried travel! It was weird.', 'author': 'Alice', 'timestamp': '2025-09-21 12:54:05', 'category': 'travel', 'sentiment': 0.65, 'keyword_mentioned': 'travel', 'message_length': 34}
2025-09-21 12:54:10 | INFO | {'message': 'I just saw recipe! It was amazing.', 'author': 'Eve', 'timestamp': '2025-09-21 12:54:10', 'category': 'food', 'sentiment': 0.93, 'keyword_mentioned': 'recipe', 'message_length': 34}
2025-09-21 12:54:10 | INFO | Sent message to Kafka topic 'project_json': {'message': 'I just saw recipe! It was amazing.', 'author': 'Eve', 'timestamp': '2025-09-21 12:54:10', 'category': 'food', 'sentiment': 0.93, 'keyword_mentioned': 'recipe', 'message_length': 34}
2025-09-21 12:54:15 | INFO | {'message': 'I just loved a movie! It was boring.', 'author': 'Eve', 'timestamp': '2025-09-21 12:54:15', 'category': 'entertainment', 'sentiment': 0.4, 'keyword_mentioned': 'movie', 'message_length': 36}
2025-09-21 12:54:15 | INFO | Sent message to Kafka topic 'project_json': {'message': 'I just loved a movie! It was boring.', 'author': 'Eve', 'timestamp': '2025-09-21 12:54:15', 'category': 'entertainment', 'sentiment': 0.4, 'keyword_mentioned': 'movie', 'message_length': 36}
2025-09-21 12:54:20 | INFO | {'message': 'I just tried a movie! It was funny.', 'author': 'Eve', 'timestamp': '2025-09-21 12:54:20', 'category': 'entertainment', 'sentiment': 0.84, 'keyword_mentioned': 'movie', 'message_length': 35}
2025-09-21 12:54:20 | INFO | Sent message to Kafka topic 'project_json': {'message': 'I just tried a movie! It was funny.', 'author': 'Eve', 'timestamp': '2025-09-21 12:54:20', 'category': 'entertainment', 'sentiment': 0.84, 'keyword_mentioned': 'movie', 'message_length': 35}
2025-09-21 12:54:25 | INFO | {'message': 'I just loved travel! It was weird.', 'author': 'Charlie', 'timestamp': '2025-09-21 12:54:25', 'category': 'travel', 'sentiment': 0.57, 'keyword_mentioned': 'travel', 'message_length': 34}
2025-09-21 12:54:25 | INFO | Sent message to Kafka topic 'project_json': {'message': 'I just loved travel! It was weird.', 'author': 'Charlie', 'timestamp': '2025-09-21 12:54:25', 'category': 'travel', 'sentiment': 0.57, 'keyword_mentioned': 'travel', 'message_length': 34}
2025-09-21 12:54:30 | INFO | {'message': 'I just tried a story! It was boring.', 'author': 'Eve', 'timestamp': '2025-09-21 12:54:30', 'category': 'other', 'sentiment': 0.12, 'keyword_mentioned': 'other', 'message_length': 36}
2025-09-21 12:54:30 | INFO | Sent message to Kafka topic 'project_json': {'message': 'I just tried a story! It was boring.', 'author': 'Eve', 'timestamp': '2025-09-21 12:54:30', 'category': 'other', 'sentiment': 0.12, 'keyword_mentioned': 'other', 'message_length': 36}
2025-09-21 12:54:35 | INFO | {'message': 'I just shared JavaScript! It was funny.', 'author': 'Charlie', 'timestamp': '2025-09-21 12:54:35', 'category': 'tech', 'sentiment': 0.12, 'keyword_mentioned': 'JavaScript', 'message_length': 39}
2025-09-21 12:54:35 | INFO | Sent message to Kafka topic 'project_json': {'message': 'I just shared JavaScript! It was funny.', 'author': 'Charlie', 'timestamp': '2025-09-21 12:54:35', 'category': 'tech', 'sentiment': 0.12, 'keyword_mentioned': 'JavaScript', 'message_length': 39}
2025-09-21 12:54:40 | INFO | {'message': 'I just saw a movie! It was amazing.', 'author': 'Eve', 'timestamp': '2025-09-21 12:54:40', 'category': 'entertainment', 'sentiment': 0.72, 'keyword_mentioned': 'movie', 'message_length': 35}
2025-09-21 12:54:40 | INFO | Sent message to Kafka topic 'project_json': {'message': 'I just saw a movie! It was amazing.', 'author': 'Eve', 'timestamp': '2025-09-21 12:54:40', 'category': 'entertainment', 'sentiment': 0.72, 'keyword_mentioned': 'movie', 'message_length': 35}
2025-09-21 12:54:45 | INFO | {'message': 'I just saw Python! It was amazing.', 'author': 'Eve', 'timestamp': '2025-09-21 12:54:45', 'category': 'tech', 'sentiment': 0.48, 'keyword_mentioned': 'Python', 'message_length': 34}
2025-09-21 12:54:45 | INFO | Sent message to Kafka topic 'project_json': {'message': 'I just saw Python! It was amazing.', 'author': 'Eve', 'timestamp': '2025-09-21 12:54:45', 'category': 'tech', 'sentiment': 0.48, 'keyword_mentioned': 'Python', 'message_length': 34}
2025-09-21 12:54:50 | INFO | {'message': 'I just tried travel! It was exciting.', 'author': 'Charlie', 'timestamp': '2025-09-21 12:54:50', 'category': 'travel', 'sentiment': 0.79, 'keyword_mentioned': 'travel', 'message_length': 37}
2025-09-21 12:54:50 | INFO | Sent message to Kafka topic 'project_json': {'message': 'I just tried travel! It was exciting.', 'author': 'Charlie', 'timestamp': '2025-09-21 12:54:50', 'category': 'travel', 'sentiment': 0.79, 'keyword_mentioned': 'travel', 'message_length': 37}
2025-09-21 12:54:55 | INFO | {'message': 'I just shared travel! It was boring.', 'author': 'Charlie', 'timestamp': '2025-09-21 12:54:55', 'category': 'travel', 'sentiment': 0.85, 'keyword_mentioned': 'travel', 'message_length': 36}
2025-09-21 12:54:55 | INFO | Sent message to Kafka topic 'project_json': {'message': 'I just shared travel! It was boring.', 'author': 'Charlie', 'timestamp': '2025-09-21 12:54:55', 'category': 'travel', 'sentiment': 0.85, 'keyword_mentioned': 'travel', 'message_length': 36}
2025-09-21 12:55:00 | INFO | {'message': 'I just tried JavaScript! It was exciting.', 'author': 'Charlie', 'timestamp': '2025-09-21 12:55:00', 'category': 'tech', 'sentiment': 0.92, 'keyword_mentioned': 'JavaScript', 'message_length': 41}
2025-09-21 12:55:00 | INFO | Sent message to Kafka topic 'project_json': {'message': 'I just tried JavaScript! It was exciting.', 'author': 'Charlie', 'timestamp': '2025-09-21 12:55:00', 'category': 'tech', 'sentiment': 0.92, 'keyword_mentioned': 'JavaScript', 'message_length': 41}
2025-09-21 12:55:05 | INFO | {'message': 'I just shared Python! It was weird.', 'author': 'Bob', 'timestamp': '2025-09-21 12:55:05', 'category': 'tech', 'sentiment': 0.66, 'keyword_mentioned': 'Python', 'message_length': 35}
2025-09-21 12:55:05 | INFO | Sent message to Kafka topic 'project_json': {'message': 'I just shared Python! It was weird.', 'author': 'Bob', 'timestamp': '2025-09-21 12:55:05', 'category': 'tech', 'sentiment': 0.66, 'keyword_mentioned': 'Python', 'message_length': 35}
2025-09-21 12:55:10 | INFO | {'message': 'I just shared a movie! It was boring.', 'author': 'Bob', 'timestamp': '2025-09-21 12:55:10', 'category': 'entertainment', 'sentiment': 0.24, 'keyword_mentioned': 'movie', 'message_length': 37}
2025-09-21 12:55:10 | INFO | Sent message to Kafka topic 'project_json': {'message': 'I just shared a movie! It was boring.', 'author': 'Bob', 'timestamp': '2025-09-21 12:55:10', 'category': 'entertainment', 'sentiment': 0.24, 'keyword_mentioned': 'movie', 'message_length': 37}
2025-09-21 12:55:15 | INFO | {'message': 'I just tried recipe! It was exciting.', 'author': 'Bob', 'timestamp': '2025-09-21 12:55:15', 'category': 'food', 'sentiment': 0.57, 'keyword_mentioned': 'recipe', 'message_length': 37}
2025-09-21 12:55:15 | INFO | Sent message to Kafka topic 'project_json': {'message': 'I just tried recipe! It was exciting.', 'author': 'Bob', 'timestamp': '2025-09-21 12:55:15', 'category': 'food', 'sentiment': 0.57, 'keyword_mentioned': 'recipe', 'message_length': 37}
2025-09-21 12:55:20 | INFO | {'message': 'I just shared a meme! It was weird.', 'author': 'Charlie', 'timestamp': '2025-09-21 12:55:20', 'category': 'humor', 'sentiment': 0.38, 'keyword_mentioned': 'meme', 'message_length': 35}
2025-09-21 12:55:20 | INFO | Sent message to Kafka topic 'project_json': {'message': 'I just shared a meme! It was weird.', 'author': 'Charlie', 'timestamp': '2025-09-21 12:55:20', 'category': 'humor', 'sentiment': 0.38, 'keyword_mentioned': 'meme', 'message_length': 35}
2025-09-21 12:55:25 | INFO | {'message': 'I just saw game! It was amazing.', 'author': 'Eve', 'timestamp': '2025-09-21 12:55:25', 'category': 'gaming', 'sentiment': 0.79, 'keyword_mentioned': 'game', 'message_length': 32}
2025-09-21 12:55:25 | INFO | Sent message to Kafka topic 'project_json': {'message': 'I just saw game! It was amazing.', 'author': 'Eve', 'timestamp': '2025-09-21 12:55:25', 'category': 'gaming', 'sentiment': 0.79, 'keyword_mentioned': 'game', 'message_length': 32}
2025-09-21 12:55:30 | INFO | {'message': 'I just found Python! It was boring.', 'author': 'Alice', 'timestamp': '2025-09-21 12:55:30', 'category': 'tech', 'sentiment': 0.02, 'keyword_mentioned': 'Python', 'message_length': 35}
2025-09-21 12:55:30 | INFO | Sent message to Kafka topic 'project_json': {'message': 'I just found Python! It was boring.', 'author': 'Alice', 'timestamp': '2025-09-21 12:55:30', 'category': 'tech', 'sentiment': 0.02, 'keyword_mentioned': 'Python', 'message_length': 35}
2025-09-21 12:55:35 | INFO | {'message': 'I just tried Python! It was exciting.', 'author': 'Eve', 'timestamp': '2025-09-21 12:55:35', 'category': 'tech', 'sentiment': 0.74, 'keyword_mentioned': 'Python', 'message_length': 37}
2025-09-21 12:55:35 | INFO | Sent message to Kafka topic 'project_json': {'message': 'I just tried Python! It was exciting.', 'author': 'Eve', 'timestamp': '2025-09-21 12:55:35', 'category': 'tech', 'sentiment': 0.74, 'keyword_mentioned': 'Python', 'message_length': 37}
2025-09-21 12:55:40 | INFO | {'message': 'I just found a meme! It was weird.', 'author': 'Bob', 'timestamp': '2025-09-21 12:55:40', 'category': 'humor', 'sentiment': 0.43, 'keyword_mentioned': 'meme', 'message_length': 34}
2025-09-21 12:55:40 | INFO | Sent message to Kafka topic 'project_json': {'message': 'I just found a meme! It was weird.', 'author': 'Bob', 'timestamp': '2025-09-21 12:55:40', 'category': 'humor', 'sentiment': 0.43, 'keyword_mentioned': 'meme', 'message_length': 34}
2025-09-21 12:55:45 | INFO | {'message': 'I just tried a story! It was exciting.', 'author': 'Alice', 'timestamp': '2025-09-21 12:55:45', 'category': 'other', 'sentiment': 0.06, 'keyword_mentioned': 'other', 'message_length': 38}
2025-09-21 12:55:45 | INFO | Sent message to Kafka topic 'project_json': {'message': 'I just tried a story! It was exciting.', 'author': 'Alice', 'timestamp': '2025-09-21 12:55:45', 'category': 'other', 'sentiment': 0.06, 'keyword_mentioned': 'other', 'message_length': 38}
2025-09-21 12:55:50 | INFO | {'message': 'I just tried a story! It was weird.', 'author': 'Eve', 'timestamp': '2025-09-21 12:55:50', 'category': 'other', 'sentiment': 0.74, 'keyword_mentioned': 'other', 'message_length': 35}
2025-09-21 12:55:50 | INFO | Sent message to Kafka topic 'project_json': {'message': 'I just tried a story! It was weird.', 'author': 'Eve', 'timestamp': '2025-09-21 12:55:50', 'category': 'other', 'sentiment': 0.74, 'keyword_mentioned': 'other', 'message_length': 35}
2025-09-21 12:55:55 | INFO | {'message': 'I just found recipe! It was amazing.', 'author': 'Alice', 'timestamp': '2025-09-21 12:55:55', 'category': 'food', 'sentiment': 0.89, 'keyword_mentioned': 'recipe', 'message_length': 36}
2025-09-21 12:55:55 | INFO | Sent message to Kafka topic 'project_json': {'message': 'I just found recipe! It was amazing.', 'author': 'Alice', 'timestamp': '2025-09-21 12:55:55', 'category': 'food', 'sentiment': 0.89, 'keyword_mentioned': 'recipe', 'message_length': 36}
2025-09-21 12:56:00 | INFO | {'message': 'I just saw recipe! It was funny.', 'author': 'Alice', 'timestamp': '2025-09-21 12:56:00', 'category': 'food', 'sentiment': 0.84, 'keyword_mentioned': 'recipe', 'message_length': 32}
2025-09-21 12:56:00 | INFO | Sent message to Kafka topic 'project_json': {'message': 'I just saw recipe! It was funny.', 'author': 'Alice', 'timestamp': '2025-09-21 12:56:00', 'category': 'food', 'sentiment': 0.84, 'keyword_mentioned': 'recipe', 'message_length': 32}
2025-09-21 12:56:05 | INFO | {'message': 'I just shared JavaScript! It was amazing.', 'author': 'Alice', 'timestamp': '2025-09-21 12:56:05', 'category': 'tech', 'sentiment': 0.63, 'keyword_mentioned': 'JavaScript', 'message_length': 41}
2025-09-21 12:56:05 | INFO | Sent message to Kafka topic 'project_json': {'message': 'I just shared JavaScript! It was amazing.', 'author': 'Alice', 'timestamp': '2025-09-21 12:56:05', 'category': 'tech', 'sentiment': 0.63, 'keyword_mentioned': 'JavaScript', 'message_length': 41}
2025-09-21 12:56:10 | INFO | {'message': 'I just shared game! It was weird.', 'author': 'Alice', 'timestamp': '2025-09-21 12:56:10', 'category': 'gaming', 'sentiment': 0.17, 'keyword_mentioned': 'game', 'message_length': 33}
2025-09-21 12:56:10 | INFO | Sent message to Kafka topic 'project_json': {'message': 'I just shared game! It was weird.', 'author': 'Alice', 'timestamp': '2025-09-21 12:56:10', 'category': 'gaming', 'sentiment': 0.17, 'keyword_mentioned': 'game', 'message_length': 33}
2025-09-21 12:56:15 | INFO | {'message': 'I just saw a trick! It was boring.', 'author': 'Eve', 'timestamp': '2025-09-21 12:56:15', 'category': 'other', 'sentiment': 0.3, 'keyword_mentioned': 'other', 'message_length': 34}
2025-09-21 12:56:15 | INFO | Sent message to Kafka topic 'project_json': {'message': 'I just saw a trick! It was boring.', 'author': 'Eve', 'timestamp': '2025-09-21 12:56:15', 'category': 'other', 'sentiment': 0.3, 'keyword_mentioned': 'other', 'message_length': 34}
2025-09-21 12:56:20 | INFO | {'message': 'I just saw an app! It was weird.', 'author': 'Bob', 'timestamp': '2025-09-21 12:56:20', 'category': 'other', 'sentiment': 0.06, 'keyword_mentioned': 'other', 'message_length': 32}
2025-09-21 12:56:20 | INFO | Sent message to Kafka topic 'project_json': {'message': 'I just saw an app! It was weird.', 'author': 'Bob', 'timestamp': '2025-09-21 12:56:20', 'category': 'other', 'sentiment': 0.06, 'keyword_mentioned': 'other', 'message_length': 32}
2025-09-21 12:56:25 | INFO | {'message': 'I just found a story! It was amazing.', 'author': 'Charlie', 'timestamp': '2025-09-21 12:56:25', 'category': 'other', 'sentiment': 0.17, 'keyword_mentioned': 'other', 'message_length': 37}
2025-09-21 12:56:25 | INFO | Sent message to Kafka topic 'project_json': {'message': 'I just found a story! It was amazing.', 'author': 'Charlie', 'timestamp': '2025-09-21 12:56:25', 'category': 'other', 'sentiment': 0.17, 'keyword_mentioned': 'other', 'message_length': 37}
2025-09-21 12:56:30 | INFO | {'message': 'I just saw recipe! It was boring.', 'author': 'Alice', 'timestamp': '2025-09-21 12:56:30', 'category': 'food', 'sentiment': 0.52, 'keyword_mentioned': 'recipe', 'message_length': 33}
2025-09-21 12:56:30 | INFO | Sent message to Kafka topic 'project_json': {'message': 'I just saw recipe! It was boring.', 'author': 'Alice', 'timestamp': '2025-09-21 12:56:30', 'category': 'food', 'sentiment': 0.52, 'keyword_mentioned': 'recipe', 'message_length': 33}
2025-09-21 12:56:35 | INFO | {'message': 'I just found JavaScript! It was amazing.', 'author': 'Charlie', 'timestamp': '2025-09-21 12:56:35', 'category': 'tech', 'sentiment': 0.12, 'keyword_mentioned': 'JavaScript', 'message_length': 40}
2025-09-21 12:56:35 | INFO | Sent message to Kafka topic 'project_json': {'message': 'I just found JavaScript! It was amazing.', 'author': 'Charlie', 'timestamp': '2025-09-21 12:56:35', 'category': 'tech', 'sentiment': 0.12, 'keyword_mentioned': 'JavaScript', 'message_length': 40}
2025-09-21 12:56:40 | INFO | {'message': 'I just loved JavaScript! It was boring.', 'author': 'Charlie', 'timestamp': '2025-09-21 12:56:40', 'category': 'tech', 'sentiment': 0.1, 'keyword_mentioned': 'JavaScript', 'message_length': 39}
2025-09-21 12:56:40 | INFO | Sent message to Kafka topic 'project_json': {'message': 'I just loved JavaScript! It was boring.', 'author': 'Charlie', 'timestamp': '2025-09-21 12:56:40', 'category': 'tech', 'sentiment': 0.1, 'keyword_mentioned': 'JavaScript', 'message_length': 39}
2025-09-21 12:56:45 | INFO | {'message': 'I just found a trick! It was boring.', 'author': 'Bob', 'timestamp': '2025-09-21 12:56:45', 'category': 'other', 'sentiment': 0.99, 'keyword_mentioned': 'other', 'message_length': 36}
2025-09-21 12:56:45 | INFO | Sent message to Kafka topic 'project_json': {'message': 'I just found a trick! It was boring.', 'author': 'Bob', 'timestamp': '2025-09-21 12:56:45', 'category': 'other', 'sentiment': 0.99, 'keyword_mentioned': 'other', 'message_length': 36}
2025-09-21 12:56:50 | INFO | {'message': 'I just shared an app! It was exciting.', 'author': 'Eve', 'timestamp': '2025-09-21 12:56:50', 'category': 'other', 'sentiment': 0.26, 'keyword_mentioned': 'other', 'message_length': 38}
2025-09-21 12:56:50 | INFO | Sent message to Kafka topic 'project_json': {'message': 'I just shared an app! It was exciting.', 'author': 'Eve', 'timestamp': '2025-09-21 12:56:50', 'category': 'other', 'sentiment': 0.26, 'keyword_mentioned': 'other', 'message_length': 38}
2025-09-21 12:56:51 | INFO | Logging to file: logs/project_log.log
2025-09-21 12:56:51 | INFO | Log sanitization enabled, personal info removed
2025-09-21 12:56:55 | INFO | {'message': 'I just found a movie! It was amazing.', 'author': 'Charlie', 'timestamp': '2025-09-21 12:56:55', 'category': 'entertainment', 'sentiment': 0.54, 'keyword_mentioned': 'movie', 'message_length': 37}
2025-09-21 12:56:55 | INFO | Sent message to Kafka topic 'project_json': {'message': 'I just found a movie! It was amazing.', 'author': 'Charlie', 'timestamp': '2025-09-21 12:56:55', 'category': 'entertainment', 'sentiment': 0.54, 'keyword_mentioned': 'movie', 'message_length': 37}
2025-09-21 12:56:57 | INFO | START consumer.
2025-09-21 12:56:57 | INFO | Kafka topic: project_json
2025-09-21 12:56:57 | INFO | Kafka consumer group id: project_group
2025-09-21 12:56:57 | INFO | Consumer: Topic 'project_json' and group 'project_group'...
2025-09-21 12:56:57 | INFO | Kafka broker address: localhost:9092
2025-09-21 12:56:57 | INFO | Creating Kafka consumer. Topic='project_json' and group ID='project_group'.
2025-09-21 12:56:57 | INFO | Kafka consumer created successfully.
2025-09-21 12:56:57 | INFO | Polling messages from topic 'project_json'...
2025-09-21 12:56:57 | ERROR | Error while consuming messages: Invalid file descriptor: -1
2025-09-21 12:56:57 | INFO | Kafka consumer for topic 'project_json' closed.
2025-09-21 12:56:57 | INFO | END consumer for topic 'project_json' and group 'project_group'.
2025-09-21 12:57:00 | INFO | {'message': 'I just shared a story! It was boring.', 'author': 'Eve', 'timestamp': '2025-09-21 12:57:00', 'category': 'other', 'sentiment': 0.55, 'keyword_mentioned': 'other', 'message_length': 37}
2025-09-21 12:57:00 | INFO | Sent message to Kafka topic 'project_json': {'message': 'I just shared a story! It was boring.', 'author': 'Eve', 'timestamp': '2025-09-21 12:57:00', 'category': 'other', 'sentiment': 0.55, 'keyword_mentioned': 'other', 'message_length': 37}
2025-09-21 12:57:05 | INFO | {'message': 'I just found recipe! It was weird.', 'author': 'Bob', 'timestamp': '2025-09-21 12:57:05', 'category': 'food', 'sentiment': 0.51, 'keyword_mentioned': 'recipe', 'message_length': 34}
2025-09-21 12:57:05 | INFO | Sent message to Kafka topic 'project_json': {'message': 'I just found recipe! It was weird.', 'author': 'Bob', 'timestamp': '2025-09-21 12:57:05', 'category': 'food', 'sentiment': 0.51, 'keyword_mentioned': 'recipe', 'message_length': 34}
2025-09-21 12:57:07 | INFO | Logging to file: logs/project_log.log
2025-09-21 12:57:07 | INFO | Log sanitization enabled, personal info removed
2025-09-21 12:57:10 | INFO | {'message': 'I just shared an app! It was exciting.', 'author': 'Charlie', 'timestamp': '2025-09-21 12:57:10', 'category': 'other', 'sentiment': 0.89, 'keyword_mentioned': 'other', 'message_length': 38}
2025-09-21 12:57:10 | INFO | Sent message to Kafka topic 'project_json': {'message': 'I just shared an app! It was exciting.', 'author': 'Charlie', 'timestamp': '2025-09-21 12:57:10', 'category': 'other', 'sentiment': 0.89, 'keyword_mentioned': 'other', 'message_length': 38}
2025-09-21 12:57:11 | INFO | START consumer.
2025-09-21 12:57:11 | INFO | Kafka topic: project_json
2025-09-21 12:57:11 | INFO | Kafka consumer group id: project_group
2025-09-21 12:57:11 | INFO | Consumer: Topic 'project_json' and group 'project_group'...
2025-09-21 12:57:11 | INFO | Kafka broker address: localhost:9092
2025-09-21 12:57:11 | INFO | Creating Kafka consumer. Topic='project_json' and group ID='project_group'.
2025-09-21 12:57:11 | INFO | Kafka consumer created successfully.
2025-09-21 12:57:11 | INFO | Polling messages from topic 'project_json'...
2025-09-21 12:57:15 | INFO | Processed JSON message: {'message': 'I just loved Python! It was exciting.', 'author': 'Alice', 'timestamp': '2025-09-21 12:52:20', 'category': 'tech', 'sentiment': 0.78, 'keyword_mentioned': 'Python', 'message_length': 37}
2025-09-21 12:57:15 | INFO | Message received from author: Alice
2025-09-21 12:57:15 | INFO | Keyword mentioned:Python
2025-09-21 12:57:15 | INFO | sentiment score:0.78
2025-09-21 12:57:15 | INFO | Updated keyword counts: {'Python': 1}
2025-09-21 12:57:15 | INFO | Chart updated successfully for message: {"message": "I just loved Python! It was exciting.", "author": "Alice", "timestamp": "2025-09-21 12:52:20", "category": "tech", "sentiment": 0.78, "keyword_mentioned": "Python", "message_length": 37}
2025-09-21 12:57:15 | INFO | Processed JSON message: {'message': 'I just tried game! It was weird.', 'author': 'Alice', 'timestamp': '2025-09-21 12:52:45', 'category': 'gaming', 'sentiment': 0.22, 'keyword_mentioned': 'game', 'message_length': 32}
2025-09-21 12:57:15 | INFO | Message received from author: Alice
2025-09-21 12:57:15 | INFO | Keyword mentioned:game
2025-09-21 12:57:15 | INFO | sentiment score:0.22
2025-09-21 12:57:15 | INFO | Updated keyword counts: {'Python': 1, 'game': 1}
2025-09-21 12:57:15 | INFO | Chart updated successfully for message: {"message": "I just tried game! It was weird.", "author": "Alice", "timestamp": "2025-09-21 12:52:45", "category": "gaming", "sentiment": 0.22, "keyword_mentioned": "game", "message_length": 32}
2025-09-21 12:57:15 | INFO | Processed JSON message: {'message': 'I just tried a story! It was funny.', 'author': 'Alice', 'timestamp': '2025-09-21 12:52:50', 'category': 'other', 'sentiment': 0.07, 'keyword_mentioned': 'other', 'message_length': 35}
2025-09-21 12:57:15 | INFO | Message received from author: Alice
2025-09-21 12:57:15 | INFO | Keyword mentioned:other
2025-09-21 12:57:15 | INFO | sentiment score:0.07
2025-09-21 12:57:15 | INFO | Updated keyword counts: {'Python': 1, 'game': 1, 'other': 1}
2025-09-21 12:57:15 | INFO | Chart updated successfully for message: {"message": "I just tried a story! It was funny.", "author": "Alice", "timestamp": "2025-09-21 12:52:50", "category": "other", "sentiment": 0.07, "keyword_mentioned": "other", "message_length": 35}
2025-09-21 12:57:15 | INFO | Processed JSON message: {'message': 'I just found a trick! It was exciting.', 'author': 'Alice', 'timestamp': '2025-09-21 12:53:00', 'category': 'other', 'sentiment': 0.67, 'keyword_mentioned': 'other', 'message_length': 38}
2025-09-21 12:57:15 | INFO | {'message': 'I just saw recipe! It was funny.', 'author': 'Eve', 'timestamp': '2025-09-21 12:57:15', 'category': 'food', 'sentiment': 0.27, 'keyword_mentioned': 'recipe', 'message_length': 32}
2025-09-21 12:57:15 | INFO | Sent message to Kafka topic 'project_json': {'message': 'I just saw recipe! It was funny.', 'author': 'Eve', 'timestamp': '2025-09-21 12:57:15', 'category': 'food', 'sentiment': 0.27, 'keyword_mentioned': 'recipe', 'message_length': 32}
2025-09-21 12:57:15 | INFO | Message received from author: Alice
2025-09-21 12:57:15 | INFO | Keyword mentioned:other
2025-09-21 12:57:15 | INFO | sentiment score:0.67
2025-09-21 12:57:15 | INFO | Updated keyword counts: {'Python': 1, 'game': 1, 'other': 2}
2025-09-21 12:57:16 | INFO | Chart updated successfully for message: {"message": "I just found a trick! It was exciting.", "author": "Alice", "timestamp": "2025-09-21 12:53:00", "category": "other", "sentiment": 0.67, "keyword_mentioned": "other", "message_length": 38}
2025-09-21 12:57:16 | INFO | Processed JSON message: {'message': 'I just tried a story! It was funny.', 'author': 'Alice', 'timestamp': '2025-09-21 12:53:45', 'category': 'other', 'sentiment': 0.8, 'keyword_mentioned': 'other', 'message_length': 35}
2025-09-21 12:57:16 | INFO | Message received from author: Alice
2025-09-21 12:57:16 | INFO | Keyword mentioned:other
2025-09-21 12:57:16 | INFO | sentiment score:0.8
2025-09-21 12:57:16 | INFO | Updated keyword counts: {'Python': 1, 'game': 1, 'other': 3}
2025-09-21 12:57:16 | INFO | Chart updated successfully for message: {"message": "I just tried a story! It was funny.", "author": "Alice", "timestamp": "2025-09-21 12:53:45", "category": "other", "sentiment": 0.8, "keyword_mentioned": "other", "message_length": 35}
2025-09-21 12:57:16 | INFO | Processed JSON message: {'message': 'I just tried travel! It was weird.', 'author': 'Alice', 'timestamp': '2025-09-21 12:54:05', 'category': 'travel', 'sentiment': 0.65, 'keyword_mentioned': 'travel', 'message_length': 34}
2025-09-21 12:57:16 | INFO | Message received from author: Alice
2025-09-21 12:57:16 | INFO | Keyword mentioned:travel
2025-09-21 12:57:16 | INFO | sentiment score:0.65
2025-09-21 12:57:16 | INFO | Updated keyword counts: {'Python': 1, 'game': 1, 'other': 3, 'travel': 1}
2025-09-21 12:57:16 | INFO | Chart updated successfully for message: {"message": "I just tried travel! It was weird.", "author": "Alice", "timestamp": "2025-09-21 12:54:05", "category": "travel", "sentiment": 0.65, "keyword_mentioned": "travel", "message_length": 34}
2025-09-21 12:57:16 | INFO | Processed JSON message: {'message': 'I just found Python! It was boring.', 'author': 'Alice', 'timestamp': '2025-09-21 12:55:30', 'category': 'tech', 'sentiment': 0.02, 'keyword_mentioned': 'Python', 'message_length': 35}
2025-09-21 12:57:16 | INFO | Message received from author: Alice
2025-09-21 12:57:16 | INFO | Keyword mentioned:Python
2025-09-21 12:57:16 | INFO | sentiment score:0.02
2025-09-21 12:57:16 | INFO | Updated keyword counts: {'Python': 2, 'game': 1, 'other': 3, 'travel': 1}
2025-09-21 12:57:16 | INFO | Chart updated successfully for message: {"message": "I just found Python! It was boring.", "author": "Alice", "timestamp": "2025-09-21 12:55:30", "category": "tech", "sentiment": 0.02, "keyword_mentioned": "Python", "message_length": 35}
2025-09-21 12:57:16 | INFO | Processed JSON message: {'message': 'I just tried a story! It was exciting.', 'author': 'Alice', 'timestamp': '2025-09-21 12:55:45', 'category': 'other', 'sentiment': 0.06, 'keyword_mentioned': 'other', 'message_length': 38}
2025-09-21 12:57:16 | INFO | Message received from author: Alice
2025-09-21 12:57:16 | INFO | Keyword mentioned:other
2025-09-21 12:57:16 | INFO | sentiment score:0.06
2025-09-21 12:57:16 | INFO | Updated keyword counts: {'Python': 2, 'game': 1, 'other': 4, 'travel': 1}
2025-09-21 12:57:17 | INFO | Chart updated successfully for message: {"message": "I just tried a story! It was exciting.", "author": "Alice", "timestamp": "2025-09-21 12:55:45", "category": "other", "sentiment": 0.06, "keyword_mentioned": "other", "message_length": 38}
2025-09-21 12:57:17 | INFO | Processed JSON message: {'message': 'I just found recipe! It was amazing.', 'author': 'Alice', 'timestamp': '2025-09-21 12:55:55', 'category': 'food', 'sentiment': 0.89, 'keyword_mentioned': 'recipe', 'message_length': 36}
2025-09-21 12:57:17 | INFO | Message received from author: Alice
2025-09-21 12:57:17 | INFO | Keyword mentioned:recipe
2025-09-21 12:57:17 | INFO | sentiment score:0.89
2025-09-21 12:57:17 | INFO | Updated keyword counts: {'Python': 2, 'game': 1, 'other': 4, 'travel': 1, 'recipe': 1}
2025-09-21 12:57:17 | INFO | Chart updated successfully for message: {"message": "I just found recipe! It was amazing.", "author": "Alice", "timestamp": "2025-09-21 12:55:55", "category": "food", "sentiment": 0.89, "keyword_mentioned": "recipe", "message_length": 36}
2025-09-21 12:57:17 | INFO | Processed JSON message: {'message': 'I just saw recipe! It was funny.', 'author': 'Alice', 'timestamp': '2025-09-21 12:56:00', 'category': 'food', 'sentiment': 0.84, 'keyword_mentioned': 'recipe', 'message_length': 32}
2025-09-21 12:57:17 | INFO | Message received from author: Alice
2025-09-21 12:57:17 | INFO | Keyword mentioned:recipe
2025-09-21 12:57:17 | INFO | sentiment score:0.84
2025-09-21 12:57:17 | INFO | Updated keyword counts: {'Python': 2, 'game': 1, 'other': 4, 'travel': 1, 'recipe': 2}
2025-09-21 12:57:17 | INFO | Chart updated successfully for message: {"message": "I just saw recipe! It was funny.", "author": "Alice", "timestamp": "2025-09-21 12:56:00", "category": "food", "sentiment": 0.84, "keyword_mentioned": "recipe", "message_length": 32}
2025-09-21 12:57:17 | INFO | Processed JSON message: {'message': 'I just shared JavaScript! It was amazing.', 'author': 'Alice', 'timestamp': '2025-09-21 12:56:05', 'category': 'tech', 'sentiment': 0.63, 'keyword_mentioned': 'JavaScript', 'message_length': 41}
2025-09-21 12:57:17 | INFO | Message received from author: Alice
2025-09-21 12:57:17 | INFO | Keyword mentioned:JavaScript
2025-09-21 12:57:17 | INFO | sentiment score:0.63
2025-09-21 12:57:17 | INFO | Updated keyword counts: {'Python': 2, 'game': 1, 'other': 4, 'travel': 1, 'recipe': 2, 'JavaScript': 1}
2025-09-21 12:57:17 | INFO | Chart updated successfully for message: {"message": "I just shared JavaScript! It was amazing.", "author": "Alice", "timestamp": "2025-09-21 12:56:05", "category": "tech", "sentiment": 0.63, "keyword_mentioned": "JavaScript", "message_length": 41}
2025-09-21 12:57:17 | INFO | Processed JSON message: {'message': 'I just shared game! It was weird.', 'author': 'Alice', 'timestamp': '2025-09-21 12:56:10', 'category': 'gaming', 'sentiment': 0.17, 'keyword_mentioned': 'game', 'message_length': 33}
2025-09-21 12:57:17 | INFO | Message received from author: Alice
2025-09-21 12:57:17 | INFO | Keyword mentioned:game
2025-09-21 12:57:17 | INFO | sentiment score:0.17
2025-09-21 12:57:17 | INFO | Updated keyword counts: {'Python': 2, 'game': 2, 'other': 4, 'travel': 1, 'recipe': 2, 'JavaScript': 1}
2025-09-21 12:57:18 | INFO | Chart updated successfully for message: {"message": "I just shared game! It was weird.", "author": "Alice", "timestamp": "2025-09-21 12:56:10", "category": "gaming", "sentiment": 0.17, "keyword_mentioned": "game", "message_length": 33}
2025-09-21 12:57:18 | INFO | Message received from author: Alice
2025-09-21 12:57:18 | INFO | Keyword mentioned:recipe
