2025-09-16 22:01:22 | INFO | Logging to file: logs/project_log.log
2025-09-16 22:01:22 | INFO | Log sanitization enabled, personal info removed
2025-09-16 22:01:22 | INFO | Project root: D:/projects/buzzline-04-USERape
2025-09-16 22:01:22 | INFO | Data folder: D:/projects/buzzline-04-USERape/data
2025-09-16 22:01:22 | INFO | Data file: D:/projects/buzzline-04-USERape/data/buzz_live.json
2025-09-16 22:01:51 | INFO | Logging to file: logs/project_log.log
2025-09-16 22:01:51 | INFO | Log sanitization enabled, personal info removed
2025-09-16 22:01:51 | INFO | Project root: D:/projects/buzzline-04-USERape
2025-09-16 22:01:51 | INFO | Data folder: D:/projects/buzzline-04-USERape/data
2025-09-16 22:01:51 | INFO | Data file: D:/projects/buzzline-04-USERape/data/buzz_live.json
2025-09-16 22:01:51 | INFO | START producer...
2025-09-16 22:01:51 | INFO | Hit CTRL c (or CMD c) to close.
2025-09-16 22:01:51 | INFO | Message interval: 3 seconds
2025-09-16 22:01:51 | INFO | {'message': 'I just found an app! It was exciting.', 'author': 'Eve'}
2025-09-16 22:01:54 | INFO | {'message': 'I just found a meme! It was weird.', 'author': 'Alice'}
2025-09-16 22:01:57 | INFO | {'message': 'I just loved a movie! It was funny.', 'author': 'Eve'}
2025-09-16 22:02:00 | INFO | {'message': 'I just tried a meme! It was amazing.', 'author': 'Eve'}
2025-09-16 22:02:03 | INFO | {'message': 'I just found a meme! It was weird.', 'author': 'Alice'}
2025-09-16 22:02:06 | INFO | {'message': 'I just tried a movie! It was boring.', 'author': 'Bob'}
2025-09-16 22:02:08 | INFO | Logging to file: logs/project_log.log
2025-09-16 22:02:08 | INFO | Log sanitization enabled, personal info removed
2025-09-16 22:02:08 | INFO | Project root: D:/projects/buzzline-04-USERape
2025-09-16 22:02:08 | INFO | Data folder: D:/projects/buzzline-04-USERape/data
2025-09-16 22:02:08 | INFO | Data file: D:/projects/buzzline-04-USERape/data/buzz_live.json
2025-09-16 22:02:09 | INFO | START consumer.
2025-09-16 22:02:09 | INFO | {'message': 'I just found a movie! It was exciting.', 'author': 'Bob'}
2025-09-16 22:02:10 | INFO | Processed JSON message: {'message': 'I just found a movie! It was exciting.', 'author': 'Bob'}
2025-09-16 22:02:10 | INFO | Message received from author: Bob
2025-09-16 22:02:10 | INFO | Updated author counts: {'Bob': 1}
2025-09-16 22:02:10 | INFO | Chart updated successfully for message: {"message": "I just found a movie! It was exciting.", "author": "Bob"}

2025-09-16 22:02:12 | INFO | {'message': 'I just saw an app! It was boring.', 'author': 'Eve'}
2025-09-16 22:02:12 | INFO | Processed JSON message: {'message': 'I just saw an app! It was boring.', 'author': 'Eve'}
2025-09-16 22:02:12 | INFO | Message received from author: Eve
2025-09-16 22:02:12 | INFO | Updated author counts: {'Bob': 1, 'Eve': 1}
2025-09-16 22:02:13 | INFO | Chart updated successfully for message: {"message": "I just saw an app! It was boring.", "author": "Eve"}

2025-09-16 22:02:15 | INFO | {'message': 'I just shared a story! It was exciting.', 'author': 'Alice'}
2025-09-16 22:02:16 | INFO | Processed JSON message: {'message': 'I just shared a story! It was exciting.', 'author': 'Alice'}
2025-09-16 22:02:16 | INFO | Message received from author: Alice
2025-09-16 22:02:16 | INFO | Updated author counts: {'Bob': 1, 'Eve': 1, 'Alice': 1}
2025-09-16 22:02:16 | INFO | Chart updated successfully for message: {"message": "I just shared a story! It was exciting.", "author": "Alice"}

2025-09-16 22:02:18 | INFO | {'message': 'I just found a movie! It was boring.', 'author': 'Charlie'}
2025-09-16 22:02:19 | INFO | Processed JSON message: {'message': 'I just found a movie! It was boring.', 'author': 'Charlie'}
2025-09-16 22:02:19 | INFO | Message received from author: Charlie
2025-09-16 22:02:19 | INFO | Updated author counts: {'Bob': 1, 'Eve': 1, 'Alice': 1, 'Charlie': 1}
2025-09-16 22:02:19 | INFO | Chart updated successfully for message: {"message": "I just found a movie! It was boring.", "author": "Charlie"}

2025-09-16 22:02:21 | INFO | {'message': 'I just loved a meme! It was weird.', 'author': 'Alice'}
2025-09-16 22:02:22 | INFO | Processed JSON message: {'message': 'I just loved a meme! It was weird.', 'author': 'Alice'}
2025-09-16 22:02:22 | INFO | Message received from author: Alice
2025-09-16 22:02:22 | INFO | Updated author counts: {'Bob': 1, 'Eve': 1, 'Alice': 2, 'Charlie': 1}
2025-09-16 22:02:22 | INFO | Chart updated successfully for message: {"message": "I just loved a meme! It was weird.", "author": "Alice"}

2025-09-16 22:02:24 | INFO | {'message': 'I just loved a trick! It was weird.', 'author': 'Charlie'}
2025-09-16 22:02:24 | INFO | Processed JSON message: {'message': 'I just loved a trick! It was weird.', 'author': 'Charlie'}
2025-09-16 22:02:24 | INFO | Message received from author: Charlie
2025-09-16 22:02:24 | INFO | Updated author counts: {'Bob': 1, 'Eve': 1, 'Alice': 2, 'Charlie': 2}
2025-09-16 22:02:24 | INFO | Chart updated successfully for message: {"message": "I just loved a trick! It was weird.", "author": "Charlie"}

2025-09-16 22:02:27 | INFO | {'message': 'I just shared a trick! It was funny.', 'author': 'Alice'}
2025-09-16 22:02:27 | INFO | Processed JSON message: {'message': 'I just shared a trick! It was funny.', 'author': 'Alice'}
2025-09-16 22:02:27 | INFO | Message received from author: Alice
2025-09-16 22:02:27 | INFO | Updated author counts: {'Bob': 1, 'Eve': 1, 'Alice': 3, 'Charlie': 2}
2025-09-16 22:02:28 | INFO | Chart updated successfully for message: {"message": "I just shared a trick! It was funny.", "author": "Alice"}

2025-09-16 22:02:30 | INFO | {'message': 'I just saw a meme! It was exciting.', 'author': 'Alice'}
2025-09-16 22:02:31 | INFO | Processed JSON message: {'message': 'I just saw a meme! It was exciting.', 'author': 'Alice'}
2025-09-16 22:02:31 | INFO | Message received from author: Alice
2025-09-16 22:02:31 | INFO | Updated author counts: {'Bob': 1, 'Eve': 1, 'Alice': 4, 'Charlie': 2}
2025-09-16 22:02:31 | INFO | Chart updated successfully for message: {"message": "I just saw a meme! It was exciting.", "author": "Alice"}

2025-09-16 22:02:33 | INFO | {'message': 'I just tried a meme! It was boring.', 'author': 'Bob'}
2025-09-16 22:02:34 | INFO | Processed JSON message: {'message': 'I just tried a meme! It was boring.', 'author': 'Bob'}
2025-09-16 22:02:34 | INFO | Message received from author: Bob
2025-09-16 22:02:34 | INFO | Updated author counts: {'Bob': 2, 'Eve': 1, 'Alice': 4, 'Charlie': 2}
2025-09-16 22:02:34 | INFO | Chart updated successfully for message: {"message": "I just tried a meme! It was boring.", "author": "Bob"}

2025-09-16 22:02:36 | INFO | {'message': 'I just saw a meme! It was amazing.', 'author': 'Charlie'}
2025-09-16 22:02:37 | INFO | Processed JSON message: {'message': 'I just saw a meme! It was amazing.', 'author': 'Charlie'}
2025-09-16 22:02:37 | INFO | Message received from author: Charlie
2025-09-16 22:02:37 | INFO | Updated author counts: {'Bob': 2, 'Eve': 1, 'Alice': 4, 'Charlie': 3}
2025-09-16 22:02:37 | INFO | Chart updated successfully for message: {"message": "I just saw a meme! It was amazing.", "author": "Charlie"}

2025-09-16 22:02:39 | INFO | {'message': 'I just found a movie! It was amazing.', 'author': 'Bob'}
2025-09-16 22:02:40 | INFO | Processed JSON message: {'message': 'I just found a movie! It was amazing.', 'author': 'Bob'}
2025-09-16 22:02:40 | INFO | Message received from author: Bob
2025-09-16 22:02:40 | INFO | Updated author counts: {'Bob': 3, 'Eve': 1, 'Alice': 4, 'Charlie': 3}
2025-09-16 22:02:40 | INFO | Chart updated successfully for message: {"message": "I just found a movie! It was amazing.", "author": "Bob"}

2025-09-16 22:02:42 | INFO | {'message': 'I just tried a meme! It was weird.', 'author': 'Alice'}
2025-09-16 22:02:43 | INFO | Processed JSON message: {'message': 'I just tried a meme! It was weird.', 'author': 'Alice'}
2025-09-16 22:02:43 | INFO | Message received from author: Alice
2025-09-16 22:02:43 | INFO | Updated author counts: {'Bob': 3, 'Eve': 1, 'Alice': 5, 'Charlie': 3}
2025-09-16 22:02:43 | INFO | Chart updated successfully for message: {"message": "I just tried a meme! It was weird.", "author": "Alice"}

2025-09-16 22:02:45 | INFO | {'message': 'I just loved a story! It was weird.', 'author': 'Alice'}
2025-09-16 22:02:46 | INFO | Processed JSON message: {'message': 'I just loved a story! It was weird.', 'author': 'Alice'}
2025-09-16 22:02:46 | INFO | Message received from author: Alice
2025-09-16 22:02:46 | INFO | Updated author counts: {'Bob': 3, 'Eve': 1, 'Alice': 6, 'Charlie': 3}
2025-09-16 22:02:46 | INFO | Chart updated successfully for message: {"message": "I just loved a story! It was weird.", "author": "Alice"}

2025-09-16 22:02:48 | INFO | {'message': 'I just tried an app! It was amazing.', 'author': 'Charlie'}
2025-09-16 22:02:49 | INFO | Processed JSON message: {'message': 'I just tried an app! It was amazing.', 'author': 'Charlie'}
2025-09-16 22:02:49 | INFO | Message received from author: Charlie
2025-09-16 22:02:49 | INFO | Updated author counts: {'Bob': 3, 'Eve': 1, 'Alice': 6, 'Charlie': 4}
2025-09-16 22:02:49 | INFO | Chart updated successfully for message: {"message": "I just tried an app! It was amazing.", "author": "Charlie"}

2025-09-16 22:02:51 | INFO | {'message': 'I just shared a meme! It was exciting.', 'author': 'Charlie'}
2025-09-16 22:02:51 | INFO | Processed JSON message: {'message': 'I just shared a meme! It was exciting.', 'author': 'Charlie'}
2025-09-16 22:02:51 | INFO | Message received from author: Charlie
2025-09-16 22:02:51 | INFO | Updated author counts: {'Bob': 3, 'Eve': 1, 'Alice': 6, 'Charlie': 5}
2025-09-16 22:02:52 | INFO | Chart updated successfully for message: {"message": "I just shared a meme! It was exciting.", "author": "Charlie"}

2025-09-16 22:02:54 | INFO | {'message': 'I just loved an app! It was amazing.', 'author': 'Eve'}
2025-09-16 22:02:55 | INFO | Processed JSON message: {'message': 'I just loved an app! It was amazing.', 'author': 'Eve'}
2025-09-16 22:02:55 | INFO | Message received from author: Eve
2025-09-16 22:02:55 | INFO | Updated author counts: {'Bob': 3, 'Eve': 2, 'Alice': 6, 'Charlie': 5}
2025-09-16 22:02:55 | INFO | Chart updated successfully for message: {"message": "I just loved an app! It was amazing.", "author": "Eve"}

2025-09-16 22:02:57 | INFO | {'message': 'I just saw an app! It was boring.', 'author': 'Eve'}
2025-09-16 22:02:58 | INFO | Processed JSON message: {'message': 'I just saw an app! It was boring.', 'author': 'Eve'}
2025-09-16 22:02:58 | INFO | Message received from author: Eve
2025-09-16 22:02:58 | INFO | Updated author counts: {'Bob': 3, 'Eve': 3, 'Alice': 6, 'Charlie': 5}
2025-09-16 22:02:58 | INFO | Chart updated successfully for message: {"message": "I just saw an app! It was boring.", "author": "Eve"}

2025-09-16 22:03:00 | INFO | {'message': 'I just shared an app! It was boring.', 'author': 'Alice'}
2025-09-16 22:03:01 | INFO | Processed JSON message: {'message': 'I just shared an app! It was boring.', 'author': 'Alice'}
2025-09-16 22:03:01 | INFO | Message received from author: Alice
2025-09-16 22:03:01 | INFO | Updated author counts: {'Bob': 3, 'Eve': 3, 'Alice': 7, 'Charlie': 5}
2025-09-16 22:03:01 | INFO | Chart updated successfully for message: {"message": "I just shared an app! It was boring.", "author": "Alice"}

2025-09-16 22:03:03 | INFO | {'message': 'I just loved a meme! It was amazing.', 'author': 'Bob'}
2025-09-16 22:03:04 | INFO | Consumer interrupted by user.
2025-09-16 22:03:06 | INFO | {'message': 'I just loved a story! It was boring.', 'author': 'Bob'}
2025-09-16 22:03:08 | WARNING | Producer interrupted by user.
2025-09-16 22:03:08 | INFO | Producer shutting down.
2025-09-16 23:14:59 | INFO | Consumer closed.
2025-09-19 18:29:43 | INFO | Logging to file: logs/project_log.log
2025-09-19 18:29:43 | INFO | Log sanitization enabled, personal info removed
2025-09-19 18:29:43 | INFO | Project root: D:/projects/buzzline-04-USERape
2025-09-19 18:29:43 | INFO | Data folder: D:/projects/buzzline-04-USERape/data
2025-09-19 18:29:43 | INFO | Data file: D:/projects/buzzline-04-USERape/data/buzz_live.json
2025-09-19 18:29:43 | INFO | START producer...
2025-09-19 18:29:43 | INFO | Hit CTRL c (or CMD c) to close.
2025-09-19 18:29:43 | INFO | Message interval: 3 seconds
2025-09-19 18:29:43 | INFO | {'message': 'I just loved an app! It was weird.', 'author': 'Alice'}
2025-09-19 18:29:46 | INFO | {'message': 'I just loved a meme! It was exciting.', 'author': 'Eve'}
2025-09-19 18:29:49 | INFO | {'message': 'I just shared a meme! It was weird.', 'author': 'Eve'}
2025-09-19 18:29:52 | INFO | {'message': 'I just found a movie! It was boring.', 'author': 'Bob'}
2025-09-19 18:29:55 | INFO | {'message': 'I just loved a trick! It was amazing.', 'author': 'Charlie'}
2025-09-19 18:29:58 | INFO | {'message': 'I just saw a trick! It was amazing.', 'author': 'Alice'}
2025-09-19 18:30:01 | INFO | {'message': 'I just saw a trick! It was weird.', 'author': 'Charlie'}
2025-09-19 18:30:04 | INFO | {'message': 'I just loved a movie! It was funny.', 'author': 'Charlie'}
2025-09-19 18:30:07 | INFO | {'message': 'I just shared a meme! It was amazing.', 'author': 'Alice'}
2025-09-19 18:30:10 | INFO | {'message': 'I just loved a trick! It was amazing.', 'author': 'Alice'}
2025-09-19 18:30:13 | INFO | {'message': 'I just loved a story! It was funny.', 'author': 'Bob'}
2025-09-19 18:30:16 | INFO | {'message': 'I just saw an app! It was funny.', 'author': 'Charlie'}
2025-09-19 18:30:19 | INFO | {'message': 'I just tried a movie! It was amazing.', 'author': 'Eve'}
2025-09-19 18:30:22 | INFO | {'message': 'I just saw a story! It was exciting.', 'author': 'Bob'}
2025-09-19 18:30:25 | INFO | {'message': 'I just tried an app! It was weird.', 'author': 'Charlie'}
2025-09-19 18:30:28 | INFO | {'message': 'I just loved a story! It was amazing.', 'author': 'Alice'}
2025-09-19 18:30:31 | INFO | {'message': 'I just saw a meme! It was exciting.', 'author': 'Bob'}
2025-09-19 18:30:34 | INFO | {'message': 'I just found a trick! It was funny.', 'author': 'Eve'}
2025-09-19 18:30:37 | INFO | {'message': 'I just tried a story! It was weird.', 'author': 'Charlie'}
2025-09-19 18:30:40 | INFO | {'message': 'I just shared an app! It was exciting.', 'author': 'Charlie'}
2025-09-19 18:30:43 | INFO | {'message': 'I just shared a trick! It was funny.', 'author': 'Charlie'}
2025-09-19 18:30:46 | INFO | {'message': 'I just saw a movie! It was amazing.', 'author': 'Charlie'}
2025-09-19 18:30:49 | INFO | {'message': 'I just found an app! It was exciting.', 'author': 'Charlie'}
2025-09-19 18:30:52 | INFO | {'message': 'I just loved a meme! It was amazing.', 'author': 'Eve'}
2025-09-19 18:30:55 | INFO | {'message': 'I just shared an app! It was amazing.', 'author': 'Eve'}
2025-09-19 18:30:58 | INFO | {'message': 'I just shared a meme! It was amazing.', 'author': 'Bob'}
2025-09-19 18:31:01 | INFO | {'message': 'I just tried a meme! It was funny.', 'author': 'Charlie'}
2025-09-19 18:31:04 | INFO | {'message': 'I just shared a story! It was amazing.', 'author': 'Bob'}
2025-09-19 18:31:07 | INFO | {'message': 'I just loved an app! It was weird.', 'author': 'Eve'}
2025-09-19 18:31:08 | INFO | Logging to file: logs/project_log.log
2025-09-19 18:31:08 | INFO | Log sanitization enabled, personal info removed
2025-09-19 18:31:08 | INFO | Project root: D:/projects/buzzline-04-USERape
2025-09-19 18:31:08 | INFO | Data folder: D:/projects/buzzline-04-USERape/data
2025-09-19 18:31:08 | INFO | Data file: D:/projects/buzzline-04-USERape/data/buzz_live.json
2025-09-19 18:31:09 | INFO | START consumer.
2025-09-19 18:31:10 | INFO | {'message': 'I just shared a movie! It was weird.', 'author': 'Bob'}
2025-09-19 18:31:10 | INFO | Processed JSON message: {'message': 'I just shared a movie! It was weird.', 'author': 'Bob'}
2025-09-19 18:31:10 | INFO | Message received from author: Bob
2025-09-19 18:31:10 | INFO | Updated author counts: {'Bob': 1}
2025-09-19 18:31:11 | INFO | Chart updated successfully for message: {"message": "I just shared a movie! It was weird.", "author": "Bob"}

2025-09-19 18:31:13 | INFO | {'message': 'I just loved a story! It was funny.', 'author': 'Eve'}
2025-09-19 18:31:14 | INFO | Processed JSON message: {'message': 'I just loved a story! It was funny.', 'author': 'Eve'}
2025-09-19 18:31:14 | INFO | Message received from author: Eve
2025-09-19 18:31:14 | INFO | Updated author counts: {'Bob': 1, 'Eve': 1}
2025-09-19 18:31:14 | INFO | Chart updated successfully for message: {"message": "I just loved a story! It was funny.", "author": "Eve"}

2025-09-19 18:31:16 | INFO | {'message': 'I just loved a meme! It was funny.', 'author': 'Charlie'}
2025-09-19 18:31:17 | INFO | Processed JSON message: {'message': 'I just loved a meme! It was funny.', 'author': 'Charlie'}
2025-09-19 18:31:17 | INFO | Message received from author: Charlie
2025-09-19 18:31:17 | INFO | Updated author counts: {'Bob': 1, 'Eve': 1, 'Charlie': 1}
2025-09-19 18:31:17 | INFO | Chart updated successfully for message: {"message": "I just loved a meme! It was funny.", "author": "Charlie"}

2025-09-19 18:31:19 | INFO | {'message': 'I just tried a meme! It was boring.', 'author': 'Alice'}
2025-09-19 18:31:20 | INFO | Processed JSON message: {'message': 'I just tried a meme! It was boring.', 'author': 'Alice'}
2025-09-19 18:31:20 | INFO | Message received from author: Alice
2025-09-19 18:31:20 | INFO | Updated author counts: {'Bob': 1, 'Eve': 1, 'Charlie': 1, 'Alice': 1}
2025-09-19 18:31:20 | INFO | Chart updated successfully for message: {"message": "I just tried a meme! It was boring.", "author": "Alice"}

2025-09-19 18:31:22 | INFO | {'message': 'I just loved a meme! It was weird.', 'author': 'Charlie'}
2025-09-19 18:31:22 | INFO | Processed JSON message: {'message': 'I just loved a meme! It was weird.', 'author': 'Charlie'}
2025-09-19 18:31:22 | INFO | Message received from author: Charlie
2025-09-19 18:31:22 | INFO | Updated author counts: {'Bob': 1, 'Eve': 1, 'Charlie': 2, 'Alice': 1}
2025-09-19 18:31:23 | INFO | Chart updated successfully for message: {"message": "I just loved a meme! It was weird.", "author": "Charlie"}

2025-09-19 18:31:25 | INFO | {'message': 'I just tried a movie! It was boring.', 'author': 'Eve'}
2025-09-19 18:31:26 | INFO | Processed JSON message: {'message': 'I just tried a movie! It was boring.', 'author': 'Eve'}
2025-09-19 18:31:26 | INFO | Message received from author: Eve
2025-09-19 18:31:26 | INFO | Updated author counts: {'Bob': 1, 'Eve': 2, 'Charlie': 2, 'Alice': 1}
2025-09-19 18:31:26 | INFO | Chart updated successfully for message: {"message": "I just tried a movie! It was boring.", "author": "Eve"}

2025-09-19 18:31:28 | INFO | {'message': 'I just tried an app! It was weird.', 'author': 'Alice'}
2025-09-19 18:31:29 | INFO | Processed JSON message: {'message': 'I just tried an app! It was weird.', 'author': 'Alice'}
2025-09-19 18:31:29 | INFO | Message received from author: Alice
2025-09-19 18:31:29 | INFO | Updated author counts: {'Bob': 1, 'Eve': 2, 'Charlie': 2, 'Alice': 2}
2025-09-19 18:31:29 | INFO | Chart updated successfully for message: {"message": "I just tried an app! It was weird.", "author": "Alice"}

2025-09-19 18:31:31 | INFO | {'message': 'I just saw an app! It was amazing.', 'author': 'Charlie'}
2025-09-19 18:31:32 | INFO | Processed JSON message: {'message': 'I just saw an app! It was amazing.', 'author': 'Charlie'}
2025-09-19 18:31:32 | INFO | Message received from author: Charlie
2025-09-19 18:31:32 | INFO | Updated author counts: {'Bob': 1, 'Eve': 2, 'Charlie': 3, 'Alice': 2}
2025-09-19 18:31:32 | INFO | Chart updated successfully for message: {"message": "I just saw an app! It was amazing.", "author": "Charlie"}

2025-09-19 18:31:34 | INFO | {'message': 'I just shared an app! It was boring.', 'author': 'Eve'}
2025-09-19 18:31:35 | INFO | Processed JSON message: {'message': 'I just shared an app! It was boring.', 'author': 'Eve'}
2025-09-19 18:31:35 | INFO | Message received from author: Eve
2025-09-19 18:31:35 | INFO | Updated author counts: {'Bob': 1, 'Eve': 3, 'Charlie': 3, 'Alice': 2}
2025-09-19 18:31:35 | INFO | Chart updated successfully for message: {"message": "I just shared an app! It was boring.", "author": "Eve"}

2025-09-19 18:31:37 | INFO | {'message': 'I just saw an app! It was boring.', 'author': 'Charlie'}
2025-09-19 18:31:38 | INFO | Processed JSON message: {'message': 'I just saw an app! It was boring.', 'author': 'Charlie'}
2025-09-19 18:31:38 | INFO | Message received from author: Charlie
2025-09-19 18:31:38 | INFO | Updated author counts: {'Bob': 1, 'Eve': 3, 'Charlie': 4, 'Alice': 2}
2025-09-19 18:31:38 | INFO | Chart updated successfully for message: {"message": "I just saw an app! It was boring.", "author": "Charlie"}

2025-09-19 18:31:40 | INFO | {'message': 'I just tried a movie! It was weird.', 'author': 'Eve'}
2025-09-19 18:31:41 | INFO | Processed JSON message: {'message': 'I just tried a movie! It was weird.', 'author': 'Eve'}
2025-09-19 18:31:41 | INFO | Message received from author: Eve
2025-09-19 18:31:41 | INFO | Updated author counts: {'Bob': 1, 'Eve': 4, 'Charlie': 4, 'Alice': 2}
2025-09-19 18:31:41 | INFO | Chart updated successfully for message: {"message": "I just tried a movie! It was weird.", "author": "Eve"}

2025-09-19 18:31:43 | INFO | {'message': 'I just shared a story! It was exciting.', 'author': 'Charlie'}
2025-09-19 18:31:44 | INFO | Processed JSON message: {'message': 'I just shared a story! It was exciting.', 'author': 'Charlie'}
2025-09-19 18:31:44 | INFO | Message received from author: Charlie
2025-09-19 18:31:44 | INFO | Updated author counts: {'Bob': 1, 'Eve': 4, 'Charlie': 5, 'Alice': 2}
2025-09-19 18:31:44 | INFO | Chart updated successfully for message: {"message": "I just shared a story! It was exciting.", "author": "Charlie"}

2025-09-19 18:31:46 | INFO | {'message': 'I just shared an app! It was amazing.', 'author': 'Bob'}
2025-09-19 18:31:47 | INFO | Processed JSON message: {'message': 'I just shared an app! It was amazing.', 'author': 'Bob'}
2025-09-19 18:31:47 | INFO | Message received from author: Bob
2025-09-19 18:31:47 | INFO | Updated author counts: {'Bob': 2, 'Eve': 4, 'Charlie': 5, 'Alice': 2}
2025-09-19 18:31:47 | INFO | Chart updated successfully for message: {"message": "I just shared an app! It was amazing.", "author": "Bob"}

2025-09-19 18:31:49 | INFO | {'message': 'I just saw a meme! It was funny.', 'author': 'Bob'}
2025-09-19 18:31:50 | INFO | Processed JSON message: {'message': 'I just saw a meme! It was funny.', 'author': 'Bob'}
2025-09-19 18:31:50 | INFO | Message received from author: Bob
2025-09-19 18:31:50 | INFO | Updated author counts: {'Bob': 3, 'Eve': 4, 'Charlie': 5, 'Alice': 2}
2025-09-19 18:31:50 | INFO | Chart updated successfully for message: {"message": "I just saw a meme! It was funny.", "author": "Bob"}

2025-09-19 18:31:52 | INFO | {'message': 'I just loved an app! It was amazing.', 'author': 'Charlie'}
2025-09-19 18:31:53 | INFO | Processed JSON message: {'message': 'I just loved an app! It was amazing.', 'author': 'Charlie'}
2025-09-19 18:31:53 | INFO | Message received from author: Charlie
2025-09-19 18:31:53 | INFO | Updated author counts: {'Bob': 3, 'Eve': 4, 'Charlie': 6, 'Alice': 2}
2025-09-19 18:31:53 | INFO | Chart updated successfully for message: {"message": "I just loved an app! It was amazing.", "author": "Charlie"}

2025-09-19 18:31:55 | INFO | {'message': 'I just loved a trick! It was amazing.', 'author': 'Eve'}
2025-09-19 18:31:56 | INFO | Processed JSON message: {'message': 'I just loved a trick! It was amazing.', 'author': 'Eve'}
2025-09-19 18:31:56 | INFO | Message received from author: Eve
2025-09-19 18:31:56 | INFO | Updated author counts: {'Bob': 3, 'Eve': 5, 'Charlie': 6, 'Alice': 2}
2025-09-19 18:31:56 | INFO | Chart updated successfully for message: {"message": "I just loved a trick! It was amazing.", "author": "Eve"}

2025-09-19 18:31:59 | INFO | {'message': 'I just loved an app! It was funny.', 'author': 'Bob'}
2025-09-19 18:31:59 | INFO | Processed JSON message: {'message': 'I just loved an app! It was funny.', 'author': 'Bob'}
2025-09-19 18:31:59 | INFO | Message received from author: Bob
2025-09-19 18:31:59 | INFO | Updated author counts: {'Bob': 4, 'Eve': 5, 'Charlie': 6, 'Alice': 2}
2025-09-19 18:31:59 | INFO | Chart updated successfully for message: {"message": "I just loved an app! It was funny.", "author": "Bob"}

2025-09-19 18:32:02 | INFO | {'message': 'I just loved a trick! It was weird.', 'author': 'Charlie'}
2025-09-19 18:32:02 | INFO | Processed JSON message: {'message': 'I just loved a trick! It was weird.', 'author': 'Charlie'}
2025-09-19 18:32:02 | INFO | Message received from author: Charlie
2025-09-19 18:32:02 | INFO | Updated author counts: {'Bob': 4, 'Eve': 5, 'Charlie': 7, 'Alice': 2}
2025-09-19 18:32:02 | INFO | Chart updated successfully for message: {"message": "I just loved a trick! It was weird.", "author": "Charlie"}

2025-09-19 18:32:05 | INFO | {'message': 'I just shared a story! It was funny.', 'author': 'Charlie'}
2025-09-19 18:32:05 | INFO | Processed JSON message: {'message': 'I just shared a story! It was funny.', 'author': 'Charlie'}
2025-09-19 18:32:05 | INFO | Message received from author: Charlie
2025-09-19 18:32:05 | INFO | Updated author counts: {'Bob': 4, 'Eve': 5, 'Charlie': 8, 'Alice': 2}
2025-09-19 18:32:05 | INFO | Chart updated successfully for message: {"message": "I just shared a story! It was funny.", "author": "Charlie"}

2025-09-19 18:32:08 | INFO | {'message': 'I just shared an app! It was boring.', 'author': 'Charlie'}
2025-09-19 18:32:08 | INFO | Processed JSON message: {'message': 'I just shared an app! It was boring.', 'author': 'Charlie'}
2025-09-19 18:32:08 | INFO | Message received from author: Charlie
2025-09-19 18:32:08 | INFO | Updated author counts: {'Bob': 4, 'Eve': 5, 'Charlie': 9, 'Alice': 2}
2025-09-19 18:32:08 | INFO | Chart updated successfully for message: {"message": "I just shared an app! It was boring.", "author": "Charlie"}

2025-09-19 18:32:11 | INFO | {'message': 'I just found a movie! It was amazing.', 'author': 'Bob'}
2025-09-19 18:32:11 | INFO | Processed JSON message: {'message': 'I just found a movie! It was amazing.', 'author': 'Bob'}
2025-09-19 18:32:11 | INFO | Message received from author: Bob
2025-09-19 18:32:11 | INFO | Updated author counts: {'Bob': 5, 'Eve': 5, 'Charlie': 9, 'Alice': 2}
2025-09-19 18:32:11 | INFO | Chart updated successfully for message: {"message": "I just found a movie! It was amazing.", "author": "Bob"}

2025-09-19 18:32:14 | INFO | {'message': 'I just saw a story! It was boring.', 'author': 'Charlie'}
2025-09-19 18:32:14 | INFO | Processed JSON message: {'message': 'I just saw a story! It was boring.', 'author': 'Charlie'}
2025-09-19 18:32:14 | INFO | Message received from author: Charlie
2025-09-19 18:32:14 | INFO | Updated author counts: {'Bob': 5, 'Eve': 5, 'Charlie': 10, 'Alice': 2}
2025-09-19 18:32:14 | INFO | Chart updated successfully for message: {"message": "I just saw a story! It was boring.", "author": "Charlie"}

2025-09-19 18:32:17 | INFO | {'message': 'I just found a meme! It was boring.', 'author': 'Charlie'}
2025-09-19 18:32:17 | INFO | Processed JSON message: {'message': 'I just found a meme! It was boring.', 'author': 'Charlie'}
2025-09-19 18:32:17 | INFO | Message received from author: Charlie
2025-09-19 18:32:17 | INFO | Updated author counts: {'Bob': 5, 'Eve': 5, 'Charlie': 11, 'Alice': 2}
2025-09-19 18:32:17 | INFO | Consumer interrupted by user.
2025-09-19 18:32:20 | INFO | {'message': 'I just loved a trick! It was amazing.', 'author': 'Charlie'}
2025-09-19 18:32:23 | INFO | {'message': 'I just found a movie! It was boring.', 'author': 'Bob'}
2025-09-19 18:32:23 | INFO | Consumer closed.
2025-09-19 18:32:26 | INFO | {'message': 'I just loved a movie! It was exciting.', 'author': 'Alice'}
2025-09-19 18:32:29 | INFO | {'message': 'I just loved a movie! It was weird.', 'author': 'Alice'}
2025-09-19 18:32:32 | INFO | {'message': 'I just loved a story! It was amazing.', 'author': 'Bob'}
2025-09-19 18:32:35 | INFO | {'message': 'I just shared a trick! It was funny.', 'author': 'Eve'}
2025-09-19 18:32:38 | INFO | {'message': 'I just saw a movie! It was boring.', 'author': 'Eve'}
2025-09-19 18:32:41 | INFO | {'message': 'I just tried a trick! It was weird.', 'author': 'Alice'}
2025-09-19 18:32:44 | INFO | {'message': 'I just shared an app! It was boring.', 'author': 'Bob'}
2025-09-19 18:32:47 | INFO | {'message': 'I just found an app! It was amazing.', 'author': 'Alice'}
2025-09-19 18:32:50 | INFO | {'message': 'I just saw a movie! It was boring.', 'author': 'Charlie'}
2025-09-19 18:32:53 | INFO | {'message': 'I just found a meme! It was boring.', 'author': 'Eve'}
2025-09-19 18:32:56 | INFO | {'message': 'I just saw a story! It was boring.', 'author': 'Alice'}
2025-09-19 18:32:59 | INFO | {'message': 'I just shared a meme! It was boring.', 'author': 'Alice'}
2025-09-19 18:33:02 | INFO | {'message': 'I just shared a story! It was amazing.', 'author': 'Alice'}
2025-09-19 18:33:05 | INFO | {'message': 'I just saw a story! It was funny.', 'author': 'Alice'}
2025-09-19 18:33:08 | INFO | {'message': 'I just found a trick! It was amazing.', 'author': 'Bob'}
2025-09-19 18:33:11 | INFO | {'message': 'I just shared a trick! It was weird.', 'author': 'Alice'}
2025-09-19 18:33:14 | INFO | {'message': 'I just saw a story! It was amazing.', 'author': 'Eve'}
2025-09-19 18:33:17 | INFO | {'message': 'I just tried a movie! It was funny.', 'author': 'Eve'}
2025-09-19 18:33:20 | INFO | {'message': 'I just tried a story! It was weird.', 'author': 'Eve'}
2025-09-19 18:33:23 | INFO | {'message': 'I just saw a trick! It was funny.', 'author': 'Charlie'}
2025-09-19 18:33:26 | INFO | {'message': 'I just loved an app! It was boring.', 'author': 'Eve'}
2025-09-19 18:33:29 | INFO | {'message': 'I just saw a story! It was amazing.', 'author': 'Alice'}
2025-09-19 18:33:32 | INFO | {'message': 'I just saw a trick! It was weird.', 'author': 'Bob'}
2025-09-19 18:33:35 | INFO | {'message': 'I just saw a meme! It was weird.', 'author': 'Eve'}
2025-09-19 18:33:38 | INFO | {'message': 'I just shared a trick! It was exciting.', 'author': 'Bob'}
2025-09-19 18:33:41 | INFO | {'message': 'I just tried a movie! It was exciting.', 'author': 'Charlie'}
2025-09-19 18:33:44 | INFO | {'message': 'I just found a trick! It was boring.', 'author': 'Bob'}
2025-09-19 18:33:47 | INFO | {'message': 'I just tried a trick! It was exciting.', 'author': 'Charlie'}
2025-09-19 18:33:50 | INFO | {'message': 'I just tried a trick! It was funny.', 'author': 'Bob'}
2025-09-19 18:33:53 | INFO | {'message': 'I just shared a story! It was exciting.', 'author': 'Charlie'}
2025-09-19 18:33:56 | INFO | {'message': 'I just loved a trick! It was boring.', 'author': 'Bob'}
2025-09-19 18:33:59 | INFO | {'message': 'I just loved a movie! It was funny.', 'author': 'Bob'}
2025-09-19 18:34:02 | INFO | {'message': 'I just saw a movie! It was boring.', 'author': 'Bob'}
2025-09-19 18:34:05 | INFO | {'message': 'I just found a story! It was weird.', 'author': 'Alice'}
2025-09-19 18:34:08 | INFO | {'message': 'I just shared an app! It was amazing.', 'author': 'Alice'}
2025-09-19 18:34:11 | INFO | {'message': 'I just tried a trick! It was funny.', 'author': 'Bob'}
2025-09-19 18:34:14 | INFO | {'message': 'I just tried a meme! It was boring.', 'author': 'Bob'}
2025-09-19 18:34:17 | INFO | {'message': 'I just tried a story! It was funny.', 'author': 'Alice'}
2025-09-19 18:34:20 | INFO | {'message': 'I just tried a meme! It was boring.', 'author': 'Charlie'}
2025-09-19 18:34:23 | INFO | {'message': 'I just shared a meme! It was funny.', 'author': 'Alice'}
2025-09-19 18:34:26 | INFO | {'message': 'I just loved a trick! It was funny.', 'author': 'Charlie'}
2025-09-19 18:34:29 | INFO | {'message': 'I just tried a movie! It was amazing.', 'author': 'Charlie'}
2025-09-19 18:34:32 | INFO | {'message': 'I just loved a story! It was weird.', 'author': 'Eve'}
2025-09-19 18:34:35 | INFO | {'message': 'I just loved an app! It was funny.', 'author': 'Bob'}
2025-09-19 18:34:38 | INFO | {'message': 'I just found a trick! It was amazing.', 'author': 'Charlie'}
2025-09-19 18:34:41 | INFO | {'message': 'I just shared a story! It was amazing.', 'author': 'Charlie'}
2025-09-19 18:34:44 | INFO | {'message': 'I just found a movie! It was amazing.', 'author': 'Eve'}
2025-09-19 18:34:47 | INFO | {'message': 'I just found a meme! It was amazing.', 'author': 'Eve'}
2025-09-19 18:34:50 | INFO | {'message': 'I just found a story! It was exciting.', 'author': 'Charlie'}
2025-09-19 18:34:53 | INFO | {'message': 'I just loved a meme! It was exciting.', 'author': 'Charlie'}
2025-09-19 18:34:56 | INFO | {'message': 'I just loved an app! It was weird.', 'author': 'Alice'}
2025-09-19 18:34:59 | INFO | {'message': 'I just found a story! It was funny.', 'author': 'Bob'}
2025-09-19 18:35:02 | INFO | {'message': 'I just saw an app! It was funny.', 'author': 'Eve'}
2025-09-19 18:35:05 | INFO | {'message': 'I just found a movie! It was funny.', 'author': 'Charlie'}
2025-09-19 18:35:08 | INFO | {'message': 'I just saw a movie! It was exciting.', 'author': 'Alice'}
2025-09-19 18:35:11 | INFO | {'message': 'I just loved an app! It was amazing.', 'author': 'Charlie'}
2025-09-19 18:35:14 | INFO | {'message': 'I just saw a meme! It was weird.', 'author': 'Bob'}
2025-09-19 18:35:17 | INFO | {'message': 'I just found a movie! It was exciting.', 'author': 'Charlie'}
2025-09-19 18:35:20 | INFO | {'message': 'I just found a meme! It was exciting.', 'author': 'Alice'}
2025-09-19 18:35:23 | INFO | {'message': 'I just found an app! It was weird.', 'author': 'Bob'}
2025-09-19 18:35:26 | INFO | {'message': 'I just tried a movie! It was amazing.', 'author': 'Eve'}
2025-09-19 18:35:29 | INFO | {'message': 'I just shared a story! It was weird.', 'author': 'Bob'}
2025-09-19 18:35:32 | INFO | {'message': 'I just shared a trick! It was boring.', 'author': 'Alice'}
2025-09-19 18:35:35 | INFO | {'message': 'I just shared a story! It was amazing.', 'author': 'Eve'}
2025-09-19 18:35:35 | WARNING | Producer interrupted by user.
2025-09-19 18:35:35 | INFO | Producer shutting down.
2025-09-19 18:59:41 | INFO | Logging to file: logs/project_log.log
2025-09-19 18:59:41 | INFO | Log sanitization enabled, personal info removed
2025-09-19 18:59:41 | INFO | Project root: D:/projects/buzzline-04-USERape
2025-09-19 18:59:41 | INFO | Data folder: D:/projects/buzzline-04-USERape/data
2025-09-19 18:59:41 | INFO | Data file: D:/projects/buzzline-04-USERape/data/buzz.json
2025-09-19 18:59:51 | INFO | Logging to file: logs/project_log.log
2025-09-19 18:59:51 | INFO | Log sanitization enabled, personal info removed
2025-09-19 18:59:51 | INFO | Project root: D:/projects/buzzline-04-USERape
2025-09-19 18:59:51 | INFO | Data folder: D:/projects/buzzline-04-USERape/data
2025-09-19 18:59:51 | INFO | Data file: D:/projects/buzzline-04-USERape/data/buzz.json
2025-09-19 18:59:51 | INFO | START producer.
2025-09-19 18:59:51 | INFO | Kafka broker address: localhost:9092
2025-09-19 18:59:52 | INFO | Kafka is ready. Brokers: {'throttle_time_ms': 0, 'brokers': [{'node_id': 1, 'host': 'localhost', 'port': 9092, 'rack': None}], 'cluster_id': 'BelHa6fnRvy4wd5axlKIwQ', 'controller_id': 1}
2025-09-19 18:59:52 | INFO | Kafka topic: buzzline_json
2025-09-19 18:59:52 | INFO | Message interval: 3 seconds
2025-09-19 18:59:52 | INFO | Kafka broker address: localhost:9092
2025-09-19 18:59:52 | INFO | Connecting to Kafka broker at localhost:9092...
2025-09-19 18:59:52 | INFO | Kafka producer successfully created.
2025-09-19 18:59:52 | INFO | Kafka broker address: localhost:9092
2025-09-19 18:59:52 | INFO | Topic 'buzzline_json' already exists. Recreating fresh...
2025-09-19 18:59:52 | INFO | Requested deletion of topic 'buzzline_json'.
2025-09-19 18:59:52 | INFO | Topic 'buzzline_json' created successfully.
2025-09-19 18:59:52 | INFO | Kafka topic 'buzzline_json' is ready.
2025-09-19 18:59:52 | INFO | Starting message production to topic 'buzzline_json'...
2025-09-19 18:59:52 | INFO | Opening data file in read mode: D:/projects/buzzline-04-USERape/data/buzz.json
2025-09-19 18:59:52 | INFO | Reading data from file: D:/projects/buzzline-04-USERape/data/buzz.json
2025-09-19 18:59:52 | INFO | Sent message to topic 'buzzline_json': {'message': 'Data engineering is my passion.', 'author': 'Eve'}
2025-09-19 18:59:55 | INFO | Sent message to topic 'buzzline_json': {'message': 'Distributed systems are fascinating.', 'author': 'Alice'}
2025-09-19 18:59:58 | INFO | Sent message to topic 'buzzline_json': {'message': 'Have a great day!', 'author': 'Charlie'}
2025-09-19 19:00:01 | INFO | Sent message to topic 'buzzline_json': {'message': 'Data engineering is my passion.', 'author': 'Alice'}
2025-09-19 19:00:04 | INFO | Sent message to topic 'buzzline_json': {'message': 'Distributed systems are fascinating.', 'author': 'Diana'}
2025-09-19 19:00:07 | INFO | Sent message to topic 'buzzline_json': {'message': 'Buzz messages for everyone.', 'author': 'Alice'}
2025-09-19 19:00:10 | INFO | Sent message to topic 'buzzline_json': {'message': 'Hello, Kafka world!', 'author': 'Diana'}
2025-09-19 19:00:13 | INFO | Sent message to topic 'buzzline_json': {'message': 'This is a buzz message.', 'author': 'Eve'}
2025-09-19 19:00:16 | INFO | Sent message to topic 'buzzline_json': {'message': 'JSON makes life easier.', 'author': 'Eve'}
2025-09-19 19:00:19 | INFO | Sent message to topic 'buzzline_json': {'message': 'JSON makes life easier.', 'author': 'Alice'}
2025-09-19 19:00:20 | INFO | Logging to file: logs/project_log.log
2025-09-19 19:00:20 | INFO | Log sanitization enabled, personal info removed
2025-09-19 19:00:21 | INFO | START consumer.
2025-09-19 19:00:21 | INFO | Kafka topic: buzzline_json
2025-09-19 19:00:21 | INFO | Kafka consumer group id: buzz_group
2025-09-19 19:00:21 | INFO | Consumer: Topic 'buzzline_json' and group 'buzz_group'...
2025-09-19 19:00:21 | INFO | Kafka broker address: localhost:9092
2025-09-19 19:00:21 | INFO | Creating Kafka consumer. Topic='buzzline_json' and group ID='buzz_group'.
2025-09-19 19:00:21 | INFO | Kafka consumer created successfully.
2025-09-19 19:00:21 | INFO | Polling messages from topic 'buzzline_json'...
2025-09-19 19:00:22 | INFO | Sent message to topic 'buzzline_json': {'message': 'Data engineering is my passion.', 'author': 'Diana'}
2025-09-19 19:00:24 | INFO | Processed JSON message: {'message': 'Data engineering is my passion.', 'author': 'Eve'}
2025-09-19 19:00:24 | INFO | Message received from author: Eve
2025-09-19 19:00:24 | INFO | Updated author counts: {'Eve': 1}
2025-09-19 19:00:24 | INFO | Chart updated successfully for message: {"message": "Data engineering is my passion.", "author": "Eve"}
2025-09-19 19:00:24 | INFO | Processed JSON message: {'message': 'Distributed systems are fascinating.', 'author': 'Alice'}
2025-09-19 19:00:24 | INFO | Message received from author: Alice
2025-09-19 19:00:24 | INFO | Updated author counts: {'Eve': 1, 'Alice': 1}
2025-09-19 19:00:24 | INFO | Chart updated successfully for message: {"message": "Distributed systems are fascinating.", "author": "Alice"}
2025-09-19 19:00:24 | INFO | Processed JSON message: {'message': 'Have a great day!', 'author': 'Charlie'}
2025-09-19 19:00:24 | INFO | Message received from author: Charlie
2025-09-19 19:00:24 | INFO | Updated author counts: {'Eve': 1, 'Alice': 1, 'Charlie': 1}
2025-09-19 19:00:24 | INFO | Chart updated successfully for message: {"message": "Have a great day!", "author": "Charlie"}
2025-09-19 19:00:24 | INFO | Processed JSON message: {'message': 'Data engineering is my passion.', 'author': 'Alice'}
2025-09-19 19:00:24 | INFO | Message received from author: Alice
2025-09-19 19:00:24 | INFO | Updated author counts: {'Eve': 1, 'Alice': 2, 'Charlie': 1}
2025-09-19 19:00:24 | INFO | Chart updated successfully for message: {"message": "Data engineering is my passion.", "author": "Alice"}
2025-09-19 19:00:24 | INFO | Processed JSON message: {'message': 'Distributed systems are fascinating.', 'author': 'Diana'}
2025-09-19 19:00:24 | INFO | Message received from author: Diana
2025-09-19 19:00:24 | INFO | Updated author counts: {'Eve': 1, 'Alice': 2, 'Charlie': 1, 'Diana': 1}
2025-09-19 19:00:24 | INFO | Chart updated successfully for message: {"message": "Distributed systems are fascinating.", "author": "Diana"}
2025-09-19 19:00:24 | INFO | Processed JSON message: {'message': 'Buzz messages for everyone.', 'author': 'Alice'}
2025-09-19 19:00:24 | INFO | Message received from author: Alice
2025-09-19 19:00:24 | INFO | Updated author counts: {'Eve': 1, 'Alice': 3, 'Charlie': 1, 'Diana': 1}
2025-09-19 19:00:25 | INFO | Chart updated successfully for message: {"message": "Buzz messages for everyone.", "author": "Alice"}
2025-09-19 19:00:25 | INFO | Processed JSON message: {'message': 'Hello, Kafka world!', 'author': 'Diana'}
2025-09-19 19:00:25 | INFO | Message received from author: Diana
2025-09-19 19:00:25 | INFO | Updated author counts: {'Eve': 1, 'Alice': 3, 'Charlie': 1, 'Diana': 2}
2025-09-19 19:00:25 | INFO | Chart updated successfully for message: {"message": "Hello, Kafka world!", "author": "Diana"}
2025-09-19 19:00:25 | INFO | Processed JSON message: {'message': 'This is a buzz message.', 'author': 'Eve'}
2025-09-19 19:00:25 | INFO | Message received from author: Eve
2025-09-19 19:00:25 | INFO | Updated author counts: {'Eve': 2, 'Alice': 3, 'Charlie': 1, 'Diana': 2}
2025-09-19 19:00:25 | INFO | Chart updated successfully for message: {"message": "This is a buzz message.", "author": "Eve"}
2025-09-19 19:00:25 | INFO | Processed JSON message: {'message': 'JSON makes life easier.', 'author': 'Eve'}
2025-09-19 19:00:25 | INFO | Message received from author: Eve
2025-09-19 19:00:25 | INFO | Updated author counts: {'Eve': 3, 'Alice': 3, 'Charlie': 1, 'Diana': 2}
2025-09-19 19:00:25 | INFO | Chart updated successfully for message: {"message": "JSON makes life easier.", "author": "Eve"}
2025-09-19 19:00:25 | INFO | Processed JSON message: {'message': 'JSON makes life easier.', 'author': 'Alice'}
2025-09-19 19:00:25 | INFO | Message received from author: Alice
2025-09-19 19:00:25 | INFO | Updated author counts: {'Eve': 3, 'Alice': 4, 'Charlie': 1, 'Diana': 2}
2025-09-19 19:00:25 | INFO | Chart updated successfully for message: {"message": "JSON makes life easier.", "author": "Alice"}
2025-09-19 19:00:25 | INFO | Processed JSON message: {'message': 'Data engineering is my passion.', 'author': 'Diana'}
2025-09-19 19:00:25 | INFO | Message received from author: Diana
2025-09-19 19:00:25 | INFO | Updated author counts: {'Eve': 3, 'Alice': 4, 'Charlie': 1, 'Diana': 3}
2025-09-19 19:00:25 | INFO | Chart updated successfully for message: {"message": "Data engineering is my passion.", "author": "Diana"}
2025-09-19 19:00:25 | INFO | Sent message to topic 'buzzline_json': {'message': 'JSON makes life easier.', 'author': 'Diana'}
2025-09-19 19:00:25 | INFO | Processed JSON message: {'message': 'JSON makes life easier.', 'author': 'Diana'}
2025-09-19 19:00:25 | INFO | Message received from author: Diana
2025-09-19 19:00:25 | INFO | Updated author counts: {'Eve': 3, 'Alice': 4, 'Charlie': 1, 'Diana': 4}
2025-09-19 19:00:25 | INFO | Chart updated successfully for message: {"message": "JSON makes life easier.", "author": "Diana"}
2025-09-19 19:00:28 | INFO | Sent message to topic 'buzzline_json': {'message': 'Kafka is awesome.', 'author': 'Charlie'}
2025-09-19 19:00:28 | INFO | Processed JSON message: {'message': 'Kafka is awesome.', 'author': 'Charlie'}
2025-09-19 19:00:28 | INFO | Message received from author: Charlie
2025-09-19 19:00:28 | INFO | Updated author counts: {'Eve': 3, 'Alice': 4, 'Charlie': 2, 'Diana': 4}
2025-09-19 19:00:28 | INFO | Chart updated successfully for message: {"message": "Kafka is awesome.", "author": "Charlie"}
2025-09-19 19:00:31 | INFO | Sent message to topic 'buzzline_json': {'message': 'JSON makes life easier.', 'author': 'Bob'}
2025-09-19 19:00:31 | INFO | Processed JSON message: {'message': 'JSON makes life easier.', 'author': 'Bob'}
2025-09-19 19:00:31 | INFO | Message received from author: Bob
2025-09-19 19:00:31 | INFO | Updated author counts: {'Eve': 3, 'Alice': 4, 'Charlie': 2, 'Diana': 4, 'Bob': 1}
2025-09-19 19:00:31 | INFO | Chart updated successfully for message: {"message": "JSON makes life easier.", "author": "Bob"}
2025-09-19 19:00:34 | INFO | Sent message to topic 'buzzline_json': {'message': 'I love Python!', 'author': 'Bob'}
2025-09-19 19:00:34 | INFO | Processed JSON message: {'message': 'I love Python!', 'author': 'Bob'}
2025-09-19 19:00:34 | INFO | Message received from author: Bob
2025-09-19 19:00:34 | INFO | Updated author counts: {'Eve': 3, 'Alice': 4, 'Charlie': 2, 'Diana': 4, 'Bob': 2}
2025-09-19 19:00:34 | INFO | Chart updated successfully for message: {"message": "I love Python!", "author": "Bob"}
2025-09-19 19:00:37 | INFO | Sent message to topic 'buzzline_json': {'message': 'This is a buzz message.', 'author': 'Eve'}
2025-09-19 19:00:37 | INFO | Processed JSON message: {'message': 'This is a buzz message.', 'author': 'Eve'}
2025-09-19 19:00:37 | INFO | Message received from author: Eve
2025-09-19 19:00:37 | INFO | Updated author counts: {'Eve': 4, 'Alice': 4, 'Charlie': 2, 'Diana': 4, 'Bob': 2}
2025-09-19 19:00:37 | INFO | Chart updated successfully for message: {"message": "This is a buzz message.", "author": "Eve"}
2025-09-19 19:00:40 | INFO | Sent message to topic 'buzzline_json': {'message': 'I love Python!', 'author': 'Eve'}
2025-09-19 19:00:40 | INFO | Processed JSON message: {'message': 'I love Python!', 'author': 'Eve'}
2025-09-19 19:00:40 | INFO | Message received from author: Eve
2025-09-19 19:00:40 | INFO | Updated author counts: {'Eve': 5, 'Alice': 4, 'Charlie': 2, 'Diana': 4, 'Bob': 2}
2025-09-19 19:00:40 | INFO | Chart updated successfully for message: {"message": "I love Python!", "author": "Eve"}
2025-09-19 19:00:43 | INFO | Sent message to topic 'buzzline_json': {'message': 'Buzz messages for everyone.', 'author': 'Alice'}
2025-09-19 19:00:43 | INFO | Processed JSON message: {'message': 'Buzz messages for everyone.', 'author': 'Alice'}
2025-09-19 19:00:43 | INFO | Message received from author: Alice
2025-09-19 19:00:43 | INFO | Updated author counts: {'Eve': 5, 'Alice': 5, 'Charlie': 2, 'Diana': 4, 'Bob': 2}
2025-09-19 19:00:43 | INFO | Chart updated successfully for message: {"message": "Buzz messages for everyone.", "author": "Alice"}
2025-09-19 19:00:46 | INFO | Sent message to topic 'buzzline_json': {'message': 'This is a buzz message.', 'author': 'Alice'}
2025-09-19 19:00:46 | INFO | Processed JSON message: {'message': 'This is a buzz message.', 'author': 'Alice'}
2025-09-19 19:00:46 | INFO | Message received from author: Alice
2025-09-19 19:00:46 | INFO | Updated author counts: {'Eve': 5, 'Alice': 6, 'Charlie': 2, 'Diana': 4, 'Bob': 2}
2025-09-19 19:00:46 | INFO | Chart updated successfully for message: {"message": "This is a buzz message.", "author": "Alice"}
2025-09-19 19:00:49 | INFO | Sent message to topic 'buzzline_json': {'message': 'Data engineering is my passion.', 'author': 'Diana'}
2025-09-19 19:00:49 | INFO | Processed JSON message: {'message': 'Data engineering is my passion.', 'author': 'Diana'}
2025-09-19 19:00:49 | INFO | Message received from author: Diana
2025-09-19 19:00:49 | INFO | Updated author counts: {'Eve': 5, 'Alice': 6, 'Charlie': 2, 'Diana': 5, 'Bob': 2}
2025-09-19 19:00:49 | INFO | Chart updated successfully for message: {"message": "Data engineering is my passion.", "author": "Diana"}
2025-09-19 19:00:52 | INFO | Sent message to topic 'buzzline_json': {'message': 'I love Python!', 'author': 'Eve'}
2025-09-19 19:00:52 | INFO | Processed JSON message: {'message': 'I love Python!', 'author': 'Eve'}
2025-09-19 19:00:52 | INFO | Message received from author: Eve
2025-09-19 19:00:52 | INFO | Updated author counts: {'Eve': 6, 'Alice': 6, 'Charlie': 2, 'Diana': 5, 'Bob': 2}
2025-09-19 19:00:52 | INFO | Chart updated successfully for message: {"message": "I love Python!", "author": "Eve"}
2025-09-19 19:00:55 | INFO | Sent message to topic 'buzzline_json': {'message': 'JSON makes life easier.', 'author': 'Charlie'}
2025-09-19 19:00:55 | INFO | Processed JSON message: {'message': 'JSON makes life easier.', 'author': 'Charlie'}
2025-09-19 19:00:55 | INFO | Message received from author: Charlie
2025-09-19 19:00:55 | INFO | Updated author counts: {'Eve': 6, 'Alice': 6, 'Charlie': 3, 'Diana': 5, 'Bob': 2}
2025-09-19 19:00:55 | INFO | Chart updated successfully for message: {"message": "JSON makes life easier.", "author": "Charlie"}
2025-09-19 19:00:58 | INFO | Sent message to topic 'buzzline_json': {'message': 'Have a great day!', 'author': 'Bob'}
2025-09-19 19:00:58 | INFO | Processed JSON message: {'message': 'Have a great day!', 'author': 'Bob'}
2025-09-19 19:00:58 | INFO | Message received from author: Bob
2025-09-19 19:00:58 | INFO | Updated author counts: {'Eve': 6, 'Alice': 6, 'Charlie': 3, 'Diana': 5, 'Bob': 3}
2025-09-19 19:00:58 | INFO | Chart updated successfully for message: {"message": "Have a great day!", "author": "Bob"}
2025-09-19 19:01:01 | INFO | Processed JSON message: {'message': 'Data engineering is my passion.', 'author': 'Alice'}
